{"/Users/mohammedalakel/Desktop/WEBSITE/FlixCamFinal 3/src/lib/utils/api-helpers.ts": {"path":"/Users/mohammedalakel/Desktop/WEBSITE/FlixCamFinal 3/src/lib/utils/api-helpers.ts","all":false,"statementMap":{"0":{"start":{"line":1,"column":0},"end":{"line":1,"column":3}},"1":{"start":{"line":2,"column":0},"end":{"line":2,"column":23}},"2":{"start":{"line":3,"column":0},"end":{"line":3,"column":68}},"3":{"start":{"line":4,"column":0},"end":{"line":4,"column":32}},"4":{"start":{"line":5,"column":0},"end":{"line":5,"column":3}},"5":{"start":{"line":6,"column":0},"end":{"line":6,"column":0}},"6":{"start":{"line":7,"column":0},"end":{"line":7,"column":42}},"7":{"start":{"line":8,"column":0},"end":{"line":8,"column":23}},"8":{"start":{"line":9,"column":0},"end":{"line":9,"column":39}},"9":{"start":{"line":10,"column":0},"end":{"line":10,"column":0}},"10":{"start":{"line":11,"column":0},"end":{"line":11,"column":3}},"11":{"start":{"line":12,"column":0},"end":{"line":12,"column":102}},"12":{"start":{"line":13,"column":0},"end":{"line":13,"column":62}},"13":{"start":{"line":14,"column":0},"end":{"line":14,"column":2}},"14":{"start":{"line":15,"column":0},"end":{"line":15,"column":65}},"15":{"start":{"line":16,"column":0},"end":{"line":16,"column":63}},"16":{"start":{"line":17,"column":0},"end":{"line":17,"column":3}},"17":{"start":{"line":18,"column":0},"end":{"line":18,"column":62}},"18":{"start":{"line":19,"column":0},"end":{"line":19,"column":34}},"19":{"start":{"line":20,"column":0},"end":{"line":20,"column":84}},"20":{"start":{"line":21,"column":0},"end":{"line":21,"column":3}},"21":{"start":{"line":22,"column":0},"end":{"line":22,"column":0}},"22":{"start":{"line":23,"column":0},"end":{"line":23,"column":36}},"23":{"start":{"line":24,"column":0},"end":{"line":24,"column":29}},"24":{"start":{"line":25,"column":0},"end":{"line":25,"column":63}},"25":{"start":{"line":26,"column":0},"end":{"line":26,"column":21}},"26":{"start":{"line":27,"column":0},"end":{"line":27,"column":5}},"27":{"start":{"line":28,"column":0},"end":{"line":28,"column":3}},"28":{"start":{"line":29,"column":0},"end":{"line":29,"column":0}},"29":{"start":{"line":30,"column":0},"end":{"line":30,"column":60}},"30":{"start":{"line":31,"column":0},"end":{"line":31,"column":30}},"31":{"start":{"line":32,"column":0},"end":{"line":32,"column":29}},"32":{"start":{"line":33,"column":0},"end":{"line":33,"column":28}},"33":{"start":{"line":34,"column":0},"end":{"line":34,"column":21}},"34":{"start":{"line":35,"column":0},"end":{"line":35,"column":23}},"35":{"start":{"line":36,"column":0},"end":{"line":36,"column":0}},"36":{"start":{"line":37,"column":0},"end":{"line":37,"column":48}},"37":{"start":{"line":38,"column":0},"end":{"line":38,"column":41}},"38":{"start":{"line":39,"column":0},"end":{"line":39,"column":3}},"39":{"start":{"line":40,"column":0},"end":{"line":40,"column":0}},"40":{"start":{"line":41,"column":0},"end":{"line":41,"column":63}},"41":{"start":{"line":42,"column":0},"end":{"line":42,"column":1}}},"s":{"0":1,"1":1,"2":1,"3":1,"4":1,"5":1,"6":1,"7":1,"8":1,"9":1,"10":1,"11":1,"12":1,"13":1,"14":1,"15":1,"16":1,"17":8,"18":8,"19":3,"20":3,"21":5,"22":8,"23":1,"24":1,"25":1,"26":1,"27":1,"28":4,"29":4,"30":4,"31":8,"32":8,"33":2,"34":2,"35":8,"36":8,"37":1,"38":1,"39":4,"40":4,"41":4},"branchMap":{"0":{"type":"branch","line":18,"loc":{"start":{"line":18,"column":0},"end":{"line":42,"column":1}},"locations":[{"start":{"line":18,"column":0},"end":{"line":42,"column":1}}]},"1":{"type":"branch","line":19,"loc":{"start":{"line":19,"column":33},"end":{"line":21,"column":3}},"locations":[{"start":{"line":19,"column":33},"end":{"line":21,"column":3}}]},"2":{"type":"branch","line":22,"loc":{"start":{"line":22,"column":-1},"end":{"line":23,"column":35}},"locations":[{"start":{"line":22,"column":-1},"end":{"line":23,"column":35}}]},"3":{"type":"branch","line":23,"loc":{"start":{"line":23,"column":35},"end":{"line":28,"column":3}},"locations":[{"start":{"line":23,"column":35},"end":{"line":28,"column":3}}]},"4":{"type":"branch","line":29,"loc":{"start":{"line":29,"column":-1},"end":{"line":32,"column":5}},"locations":[{"start":{"line":29,"column":-1},"end":{"line":32,"column":5}}]},"5":{"type":"branch","line":32,"loc":{"start":{"line":32,"column":4},"end":{"line":32,"column":29}},"locations":[{"start":{"line":32,"column":4},"end":{"line":32,"column":29}}]},"6":{"type":"branch","line":33,"loc":{"start":{"line":33,"column":4},"end":{"line":35,"column":23}},"locations":[{"start":{"line":33,"column":4},"end":{"line":35,"column":23}}]},"7":{"type":"branch","line":34,"loc":{"start":{"line":34,"column":6},"end":{"line":34,"column":21}},"locations":[{"start":{"line":34,"column":6},"end":{"line":34,"column":21}}]},"8":{"type":"branch","line":35,"loc":{"start":{"line":35,"column":6},"end":{"line":35,"column":23}},"locations":[{"start":{"line":35,"column":6},"end":{"line":35,"column":23}}]},"9":{"type":"branch","line":37,"loc":{"start":{"line":37,"column":19},"end":{"line":37,"column":45}},"locations":[{"start":{"line":37,"column":19},"end":{"line":37,"column":45}}]},"10":{"type":"branch","line":37,"loc":{"start":{"line":37,"column":47},"end":{"line":39,"column":3}},"locations":[{"start":{"line":37,"column":47},"end":{"line":39,"column":3}}]},"11":{"type":"branch","line":40,"loc":{"start":{"line":40,"column":-1},"end":{"line":42,"column":1}},"locations":[{"start":{"line":40,"column":-1},"end":{"line":42,"column":1}}]}},"b":{"0":[8],"1":[3],"2":[5],"3":[1],"4":[4],"5":[2],"6":[2],"7":[1],"8":[1],"9":[2],"10":[1],"11":[4]},"fnMap":{"0":{"name":"handleApiError","decl":{"start":{"line":18,"column":0},"end":{"line":42,"column":1}},"loc":{"start":{"line":18,"column":0},"end":{"line":42,"column":1}},"line":18}},"f":{"0":8}}
,"/Users/mohammedalakel/Desktop/WEBSITE/FlixCamFinal 3/src/lib/utils/barcode.ts": {"path":"/Users/mohammedalakel/Desktop/WEBSITE/FlixCamFinal 3/src/lib/utils/barcode.ts","all":false,"statementMap":{"0":{"start":{"line":1,"column":0},"end":{"line":1,"column":3}},"1":{"start":{"line":2,"column":0},"end":{"line":2,"column":50}},"2":{"start":{"line":3,"column":0},"end":{"line":3,"column":76}},"3":{"start":{"line":4,"column":0},"end":{"line":4,"column":3}},"4":{"start":{"line":5,"column":0},"end":{"line":5,"column":0}},"5":{"start":{"line":6,"column":0},"end":{"line":6,"column":20}},"6":{"start":{"line":7,"column":0},"end":{"line":7,"column":0}},"7":{"start":{"line":8,"column":0},"end":{"line":8,"column":55}},"8":{"start":{"line":9,"column":0},"end":{"line":9,"column":41}},"9":{"start":{"line":10,"column":0},"end":{"line":10,"column":13}},"10":{"start":{"line":11,"column":0},"end":{"line":11,"column":23}},"11":{"start":{"line":12,"column":0},"end":{"line":12,"column":48}},"12":{"start":{"line":13,"column":0},"end":{"line":13,"column":35}},"13":{"start":{"line":14,"column":0},"end":{"line":14,"column":20}},"14":{"start":{"line":15,"column":0},"end":{"line":15,"column":12}},"15":{"start":{"line":16,"column":0},"end":{"line":16,"column":23}},"16":{"start":{"line":17,"column":0},"end":{"line":17,"column":5}},"17":{"start":{"line":18,"column":0},"end":{"line":18,"column":12}},"18":{"start":{"line":19,"column":0},"end":{"line":19,"column":26}},"19":{"start":{"line":20,"column":0},"end":{"line":20,"column":3}},"20":{"start":{"line":21,"column":0},"end":{"line":21,"column":31}},"21":{"start":{"line":22,"column":0},"end":{"line":22,"column":1}},"22":{"start":{"line":23,"column":0},"end":{"line":23,"column":0}},"23":{"start":{"line":24,"column":0},"end":{"line":24,"column":65}},"24":{"start":{"line":25,"column":0},"end":{"line":25,"column":51}},"25":{"start":{"line":26,"column":0},"end":{"line":26,"column":48}},"26":{"start":{"line":27,"column":0},"end":{"line":27,"column":42}},"27":{"start":{"line":28,"column":0},"end":{"line":28,"column":1}},"28":{"start":{"line":29,"column":0},"end":{"line":29,"column":0}},"29":{"start":{"line":30,"column":0},"end":{"line":30,"column":65}},"30":{"start":{"line":31,"column":0},"end":{"line":31,"column":76}},"31":{"start":{"line":32,"column":0},"end":{"line":32,"column":52}},"32":{"start":{"line":33,"column":0},"end":{"line":33,"column":1}},"33":{"start":{"line":34,"column":0},"end":{"line":34,"column":0}},"34":{"start":{"line":35,"column":0},"end":{"line":35,"column":3}},"35":{"start":{"line":36,"column":0},"end":{"line":36,"column":48}},"36":{"start":{"line":37,"column":0},"end":{"line":37,"column":74}},"37":{"start":{"line":38,"column":0},"end":{"line":38,"column":3}},"38":{"start":{"line":39,"column":0},"end":{"line":39,"column":47}},"39":{"start":{"line":40,"column":0},"end":{"line":40,"column":168}},"40":{"start":{"line":41,"column":0},"end":{"line":41,"column":21}},"41":{"start":{"line":42,"column":0},"end":{"line":42,"column":53}},"42":{"start":{"line":43,"column":0},"end":{"line":43,"column":46}},"43":{"start":{"line":44,"column":0},"end":{"line":44,"column":29}},"44":{"start":{"line":45,"column":0},"end":{"line":45,"column":49}},"45":{"start":{"line":46,"column":0},"end":{"line":46,"column":47}},"46":{"start":{"line":47,"column":0},"end":{"line":47,"column":0}},"47":{"start":{"line":48,"column":0},"end":{"line":48,"column":33}},"48":{"start":{"line":49,"column":0},"end":{"line":49,"column":31}},"49":{"start":{"line":50,"column":0},"end":{"line":50,"column":34}},"50":{"start":{"line":51,"column":0},"end":{"line":51,"column":4}},"51":{"start":{"line":52,"column":0},"end":{"line":52,"column":0}},"52":{"start":{"line":53,"column":0},"end":{"line":53,"column":32}},"53":{"start":{"line":54,"column":0},"end":{"line":54,"column":1}}},"s":{"0":1,"1":1,"2":1,"3":1,"4":1,"5":1,"6":1,"7":6,"8":6,"9":6,"10":6,"11":6,"12":30,"13":30,"14":12,"15":12,"16":12,"17":30,"18":30,"19":30,"20":6,"21":6,"22":1,"23":6,"24":6,"25":6,"26":6,"27":6,"28":1,"29":5,"30":5,"31":5,"32":5,"33":1,"34":1,"35":1,"36":1,"37":1,"38":1,"39":2,"40":2,"41":2,"42":2,"43":2,"44":2,"45":2,"46":2,"47":2,"48":2,"49":2,"50":2,"51":2,"52":2,"53":2},"branchMap":{"0":{"type":"branch","line":8,"loc":{"start":{"line":8,"column":0},"end":{"line":22,"column":1}},"locations":[{"start":{"line":8,"column":0},"end":{"line":22,"column":1}}]},"1":{"type":"branch","line":12,"loc":{"start":{"line":12,"column":47},"end":{"line":20,"column":3}},"locations":[{"start":{"line":12,"column":47},"end":{"line":20,"column":3}}]},"2":{"type":"branch","line":14,"loc":{"start":{"line":14,"column":19},"end":{"line":17,"column":5}},"locations":[{"start":{"line":14,"column":19},"end":{"line":17,"column":5}}]},"3":{"type":"branch","line":16,"loc":{"start":{"line":16,"column":17},"end":{"line":16,"column":23}},"locations":[{"start":{"line":16,"column":17},"end":{"line":16,"column":23}}]},"4":{"type":"branch","line":24,"loc":{"start":{"line":24,"column":0},"end":{"line":28,"column":1}},"locations":[{"start":{"line":24,"column":0},"end":{"line":28,"column":1}}]},"5":{"type":"branch","line":30,"loc":{"start":{"line":30,"column":0},"end":{"line":33,"column":1}},"locations":[{"start":{"line":30,"column":0},"end":{"line":33,"column":1}}]},"6":{"type":"branch","line":31,"loc":{"start":{"line":31,"column":49},"end":{"line":31,"column":76}},"locations":[{"start":{"line":31,"column":49},"end":{"line":31,"column":76}}]},"7":{"type":"branch","line":39,"loc":{"start":{"line":39,"column":7},"end":{"line":54,"column":1}},"locations":[{"start":{"line":39,"column":7},"end":{"line":54,"column":1}}]}},"b":{"0":[6],"1":[30],"2":[12],"3":[2],"4":[6],"5":[5],"6":[1],"7":[2]},"fnMap":{"0":{"name":"calculateLuhnChecksum","decl":{"start":{"line":8,"column":0},"end":{"line":22,"column":1}},"loc":{"start":{"line":8,"column":0},"end":{"line":22,"column":1}},"line":8},"1":{"name":"generateBarcodeValue","decl":{"start":{"line":24,"column":0},"end":{"line":28,"column":1}},"loc":{"start":{"line":24,"column":0},"end":{"line":28,"column":1}},"line":24},"2":{"name":"generateQrCodeUrl","decl":{"start":{"line":30,"column":0},"end":{"line":33,"column":1}},"loc":{"start":{"line":30,"column":0},"end":{"line":33,"column":1}},"line":30},"3":{"name":"assignBarcodeToEquipment","decl":{"start":{"line":39,"column":7},"end":{"line":54,"column":1}},"loc":{"start":{"line":39,"column":7},"end":{"line":54,"column":1}},"line":39}},"f":{"0":6,"1":6,"2":5,"3":2}}
,"/Users/mohammedalakel/Desktop/WEBSITE/FlixCamFinal 3/src/lib/utils/blog-preview.ts": {"path":"/Users/mohammedalakel/Desktop/WEBSITE/FlixCamFinal 3/src/lib/utils/blog-preview.ts","all":false,"statementMap":{"0":{"start":{"line":1,"column":0},"end":{"line":1,"column":3}},"1":{"start":{"line":2,"column":0},"end":{"line":2,"column":30}},"2":{"start":{"line":3,"column":0},"end":{"line":3,"column":3}},"3":{"start":{"line":4,"column":0},"end":{"line":4,"column":0}},"4":{"start":{"line":5,"column":0},"end":{"line":5,"column":90}},"5":{"start":{"line":6,"column":0},"end":{"line":6,"column":0}},"6":{"start":{"line":7,"column":0},"end":{"line":7,"column":3}},"7":{"start":{"line":8,"column":0},"end":{"line":8,"column":51}},"8":{"start":{"line":9,"column":0},"end":{"line":9,"column":48}},"9":{"start":{"line":10,"column":0},"end":{"line":10,"column":3}},"10":{"start":{"line":11,"column":0},"end":{"line":11,"column":64}},"11":{"start":{"line":12,"column":0},"end":{"line":12,"column":46}},"12":{"start":{"line":13,"column":0},"end":{"line":13,"column":25}},"13":{"start":{"line":14,"column":0},"end":{"line":14,"column":83}},"14":{"start":{"line":15,"column":0},"end":{"line":15,"column":1}}},"s":{"0":1,"1":1,"2":1,"3":1,"4":1,"5":1,"6":1,"7":1,"8":1,"9":1,"10":3,"11":3,"12":3,"13":2,"14":2},"branchMap":{"0":{"type":"branch","line":11,"loc":{"start":{"line":11,"column":0},"end":{"line":15,"column":1}},"locations":[{"start":{"line":11,"column":0},"end":{"line":15,"column":1}}]},"1":{"type":"branch","line":13,"loc":{"start":{"line":13,"column":14},"end":{"line":13,"column":25}},"locations":[{"start":{"line":13,"column":14},"end":{"line":13,"column":25}}]},"2":{"type":"branch","line":14,"loc":{"start":{"line":14,"column":-1},"end":{"line":15,"column":1}},"locations":[{"start":{"line":14,"column":-1},"end":{"line":15,"column":1}}]}},"b":{"0":[3],"1":[1],"2":[2]},"fnMap":{"0":{"name":"getBlogPreviewUrl","decl":{"start":{"line":11,"column":0},"end":{"line":15,"column":1}},"loc":{"start":{"line":11,"column":0},"end":{"line":15,"column":1}},"line":11}},"f":{"0":3}}
,"/Users/mohammedalakel/Desktop/WEBSITE/FlixCamFinal 3/src/lib/utils/check-translations.ts": {"path":"/Users/mohammedalakel/Desktop/WEBSITE/FlixCamFinal 3/src/lib/utils/check-translations.ts","all":false,"statementMap":{"0":{"start":{"line":1,"column":0},"end":{"line":1,"column":3}},"1":{"start":{"line":2,"column":0},"end":{"line":2,"column":36}},"2":{"start":{"line":3,"column":0},"end":{"line":3,"column":65}},"3":{"start":{"line":4,"column":0},"end":{"line":4,"column":48}},"4":{"start":{"line":5,"column":0},"end":{"line":5,"column":2}},"5":{"start":{"line":6,"column":0},"end":{"line":6,"column":53}},"6":{"start":{"line":7,"column":0},"end":{"line":7,"column":3}},"7":{"start":{"line":8,"column":0},"end":{"line":8,"column":0}},"8":{"start":{"line":9,"column":0},"end":{"line":9,"column":24}},"9":{"start":{"line":10,"column":0},"end":{"line":10,"column":28}},"10":{"start":{"line":11,"column":0},"end":{"line":11,"column":0}},"11":{"start":{"line":12,"column":0},"end":{"line":12,"column":62}},"12":{"start":{"line":13,"column":0},"end":{"line":13,"column":24}},"13":{"start":{"line":14,"column":0},"end":{"line":14,"column":39}},"14":{"start":{"line":15,"column":0},"end":{"line":15,"column":0}},"15":{"start":{"line":16,"column":0},"end":{"line":16,"column":27}},"16":{"start":{"line":17,"column":0},"end":{"line":17,"column":98}},"17":{"start":{"line":18,"column":0},"end":{"line":18,"column":43}},"18":{"start":{"line":19,"column":0},"end":{"line":19,"column":51}},"19":{"start":{"line":20,"column":0},"end":{"line":20,"column":53}},"20":{"start":{"line":21,"column":0},"end":{"line":21,"column":79}},"21":{"start":{"line":22,"column":0},"end":{"line":22,"column":85}},"22":{"start":{"line":23,"column":0},"end":{"line":23,"column":12}},"23":{"start":{"line":24,"column":0},"end":{"line":24,"column":43}},"24":{"start":{"line":25,"column":0},"end":{"line":25,"column":5}},"25":{"start":{"line":26,"column":0},"end":{"line":26,"column":3}},"26":{"start":{"line":27,"column":0},"end":{"line":27,"column":15}},"27":{"start":{"line":28,"column":0},"end":{"line":28,"column":1}},"28":{"start":{"line":29,"column":0},"end":{"line":29,"column":0}},"29":{"start":{"line":30,"column":0},"end":{"line":30,"column":27}},"30":{"start":{"line":31,"column":0},"end":{"line":31,"column":49}},"31":{"start":{"line":32,"column":0},"end":{"line":32,"column":66}},"32":{"start":{"line":33,"column":0},"end":{"line":33,"column":35}},"33":{"start":{"line":34,"column":0},"end":{"line":34,"column":57}},"34":{"start":{"line":35,"column":0},"end":{"line":35,"column":19}},"35":{"start":{"line":36,"column":0},"end":{"line":36,"column":3}},"36":{"start":{"line":37,"column":0},"end":{"line":37,"column":0}},"37":{"start":{"line":38,"column":0},"end":{"line":38,"column":69}},"38":{"start":{"line":39,"column":0},"end":{"line":39,"column":46}},"39":{"start":{"line":40,"column":0},"end":{"line":40,"column":55}},"40":{"start":{"line":41,"column":0},"end":{"line":41,"column":0}},"41":{"start":{"line":42,"column":0},"end":{"line":42,"column":23}},"42":{"start":{"line":43,"column":0},"end":{"line":43,"column":0}},"43":{"start":{"line":44,"column":0},"end":{"line":44,"column":71}},"44":{"start":{"line":45,"column":0},"end":{"line":45,"column":0}},"45":{"start":{"line":46,"column":0},"end":{"line":46,"column":36}},"46":{"start":{"line":47,"column":0},"end":{"line":47,"column":59}},"47":{"start":{"line":48,"column":0},"end":{"line":48,"column":35}},"48":{"start":{"line":49,"column":0},"end":{"line":49,"column":57}},"49":{"start":{"line":50,"column":0},"end":{"line":50,"column":22}},"50":{"start":{"line":51,"column":0},"end":{"line":51,"column":14}},"51":{"start":{"line":52,"column":0},"end":{"line":52,"column":5}},"52":{"start":{"line":53,"column":0},"end":{"line":53,"column":0}},"53":{"start":{"line":54,"column":0},"end":{"line":54,"column":67}},"54":{"start":{"line":55,"column":0},"end":{"line":55,"column":44}},"55":{"start":{"line":56,"column":0},"end":{"line":56,"column":0}},"56":{"start":{"line":57,"column":0},"end":{"line":57,"column":32}},"57":{"start":{"line":58,"column":0},"end":{"line":58,"column":30}},"58":{"start":{"line":59,"column":0},"end":{"line":59,"column":37}},"59":{"start":{"line":60,"column":0},"end":{"line":60,"column":0}},"60":{"start":{"line":61,"column":0},"end":{"line":61,"column":48}},"61":{"start":{"line":62,"column":0},"end":{"line":62,"column":31}},"62":{"start":{"line":63,"column":0},"end":{"line":63,"column":25}},"63":{"start":{"line":64,"column":0},"end":{"line":64,"column":40}},"64":{"start":{"line":65,"column":0},"end":{"line":65,"column":23}},"65":{"start":{"line":66,"column":0},"end":{"line":66,"column":54}},"66":{"start":{"line":67,"column":0},"end":{"line":67,"column":30}},"67":{"start":{"line":68,"column":0},"end":{"line":68,"column":7}},"68":{"start":{"line":69,"column":0},"end":{"line":69,"column":5}},"69":{"start":{"line":70,"column":0},"end":{"line":70,"column":0}},"70":{"start":{"line":71,"column":0},"end":{"line":71,"column":70}},"71":{"start":{"line":72,"column":0},"end":{"line":72,"column":49}},"72":{"start":{"line":73,"column":0},"end":{"line":73,"column":81}},"73":{"start":{"line":74,"column":0},"end":{"line":74,"column":0}},"74":{"start":{"line":75,"column":0},"end":{"line":75,"column":29}},"75":{"start":{"line":76,"column":0},"end":{"line":76,"column":54}},"76":{"start":{"line":77,"column":0},"end":{"line":77,"column":67}},"77":{"start":{"line":78,"column":0},"end":{"line":78,"column":83}},"78":{"start":{"line":79,"column":0},"end":{"line":79,"column":5}},"79":{"start":{"line":80,"column":0},"end":{"line":80,"column":27}},"80":{"start":{"line":81,"column":0},"end":{"line":81,"column":52}},"81":{"start":{"line":82,"column":0},"end":{"line":82,"column":5}},"82":{"start":{"line":83,"column":0},"end":{"line":83,"column":34}},"83":{"start":{"line":84,"column":0},"end":{"line":84,"column":72}},"84":{"start":{"line":85,"column":0},"end":{"line":85,"column":89}},"85":{"start":{"line":86,"column":0},"end":{"line":86,"column":93}},"86":{"start":{"line":87,"column":0},"end":{"line":87,"column":5}},"87":{"start":{"line":88,"column":0},"end":{"line":88,"column":0}},"88":{"start":{"line":89,"column":0},"end":{"line":89,"column":36}},"89":{"start":{"line":90,"column":0},"end":{"line":90,"column":19}},"90":{"start":{"line":91,"column":0},"end":{"line":91,"column":3}},"91":{"start":{"line":92,"column":0},"end":{"line":92,"column":0}},"92":{"start":{"line":93,"column":0},"end":{"line":93,"column":18}},"93":{"start":{"line":94,"column":0},"end":{"line":94,"column":85}},"94":{"start":{"line":95,"column":0},"end":{"line":95,"column":19}},"95":{"start":{"line":96,"column":0},"end":{"line":96,"column":3}},"96":{"start":{"line":97,"column":0},"end":{"line":97,"column":0}},"97":{"start":{"line":98,"column":0},"end":{"line":98,"column":43}},"98":{"start":{"line":99,"column":0},"end":{"line":99,"column":17}},"99":{"start":{"line":100,"column":0},"end":{"line":100,"column":1}},"100":{"start":{"line":101,"column":0},"end":{"line":101,"column":0}},"101":{"start":{"line":102,"column":0},"end":{"line":102,"column":38}},"102":{"start":{"line":103,"column":0},"end":{"line":103,"column":7}},"103":{"start":{"line":104,"column":0},"end":{"line":104,"column":1}}},"s":{"0":1,"1":1,"2":1,"3":1,"4":1,"5":1,"6":1,"7":1,"8":1,"9":1,"10":1,"11":1,"12":1,"13":1,"14":1,"15":1,"16":42,"17":42,"18":42,"19":93,"20":93,"21":11,"22":93,"23":82,"24":82,"25":93,"26":42,"27":42,"28":1,"29":1,"30":8,"31":8,"32":8,"33":1,"34":1,"35":1,"36":8,"37":8,"38":8,"39":8,"40":8,"41":8,"42":8,"43":8,"44":8,"45":8,"46":24,"47":24,"48":6,"49":6,"50":6,"51":6,"52":18,"53":18,"54":18,"55":18,"56":18,"57":18,"58":18,"59":18,"60":24,"61":60,"62":7,"63":60,"64":1,"65":53,"66":8,"67":8,"68":60,"69":18,"70":18,"71":24,"72":24,"73":24,"74":24,"75":2,"76":2,"77":2,"78":2,"79":24,"80":1,"81":1,"82":24,"83":2,"84":2,"85":2,"86":2,"87":18,"88":24,"89":18,"90":18,"91":8,"92":8,"93":7,"94":7,"95":7,"96":8,"97":8,"98":8,"99":8,"100":1,"101":1,"102":0,"103":0},"branchMap":{"0":{"type":"branch","line":102,"loc":{"start":{"line":102,"column":37},"end":{"line":104,"column":1}},"locations":[{"start":{"line":102,"column":37},"end":{"line":104,"column":1}}]},"1":{"type":"branch","line":17,"loc":{"start":{"line":17,"column":0},"end":{"line":28,"column":1}},"locations":[{"start":{"line":17,"column":0},"end":{"line":28,"column":1}}]},"2":{"type":"branch","line":19,"loc":{"start":{"line":19,"column":50},"end":{"line":26,"column":3}},"locations":[{"start":{"line":19,"column":50},"end":{"line":26,"column":3}}]},"3":{"type":"branch","line":20,"loc":{"start":{"line":20,"column":27},"end":{"line":20,"column":47}},"locations":[{"start":{"line":20,"column":27},"end":{"line":20,"column":47}}]},"4":{"type":"branch","line":20,"loc":{"start":{"line":20,"column":48},"end":{"line":20,"column":53}},"locations":[{"start":{"line":20,"column":48},"end":{"line":20,"column":53}}]},"5":{"type":"branch","line":21,"loc":{"start":{"line":21,"column":33},"end":{"line":21,"column":51}},"locations":[{"start":{"line":21,"column":33},"end":{"line":21,"column":51}}]},"6":{"type":"branch","line":21,"loc":{"start":{"line":21,"column":51},"end":{"line":21,"column":76}},"locations":[{"start":{"line":21,"column":51},"end":{"line":21,"column":76}}]},"7":{"type":"branch","line":21,"loc":{"start":{"line":21,"column":78},"end":{"line":23,"column":5}},"locations":[{"start":{"line":21,"column":78},"end":{"line":23,"column":5}}]},"8":{"type":"branch","line":23,"loc":{"start":{"line":23,"column":5},"end":{"line":25,"column":5}},"locations":[{"start":{"line":23,"column":5},"end":{"line":25,"column":5}}]},"9":{"type":"branch","line":24,"loc":{"start":{"line":24,"column":36},"end":{"line":24,"column":42}},"locations":[{"start":{"line":24,"column":36},"end":{"line":24,"column":42}}]},"10":{"type":"branch","line":31,"loc":{"start":{"line":31,"column":0},"end":{"line":100,"column":1}},"locations":[{"start":{"line":31,"column":0},"end":{"line":100,"column":1}}]},"11":{"type":"branch","line":33,"loc":{"start":{"line":33,"column":34},"end":{"line":36,"column":3}},"locations":[{"start":{"line":33,"column":34},"end":{"line":36,"column":3}}]},"12":{"type":"branch","line":46,"loc":{"start":{"line":46,"column":35},"end":{"line":91,"column":3}},"locations":[{"start":{"line":46,"column":35},"end":{"line":91,"column":3}}]},"13":{"type":"branch","line":48,"loc":{"start":{"line":48,"column":34},"end":{"line":52,"column":5}},"locations":[{"start":{"line":48,"column":34},"end":{"line":52,"column":5}}]},"14":{"type":"branch","line":53,"loc":{"start":{"line":53,"column":-1},"end":{"line":61,"column":47}},"locations":[{"start":{"line":53,"column":-1},"end":{"line":61,"column":47}}]},"15":{"type":"branch","line":61,"loc":{"start":{"line":61,"column":47},"end":{"line":69,"column":5}},"locations":[{"start":{"line":61,"column":47},"end":{"line":69,"column":5}}]},"16":{"type":"branch","line":62,"loc":{"start":{"line":62,"column":30},"end":{"line":64,"column":7}},"locations":[{"start":{"line":62,"column":30},"end":{"line":64,"column":7}}]},"17":{"type":"branch","line":64,"loc":{"start":{"line":64,"column":7},"end":{"line":68,"column":7}},"locations":[{"start":{"line":64,"column":7},"end":{"line":68,"column":7}}]},"18":{"type":"branch","line":64,"loc":{"start":{"line":64,"column":39},"end":{"line":66,"column":7}},"locations":[{"start":{"line":64,"column":39},"end":{"line":66,"column":7}}]},"19":{"type":"branch","line":66,"loc":{"start":{"line":66,"column":7},"end":{"line":68,"column":7}},"locations":[{"start":{"line":66,"column":7},"end":{"line":68,"column":7}}]},"20":{"type":"branch","line":66,"loc":{"start":{"line":66,"column":53},"end":{"line":68,"column":7}},"locations":[{"start":{"line":66,"column":53},"end":{"line":68,"column":7}}]},"21":{"type":"branch","line":70,"loc":{"start":{"line":70,"column":-1},"end":{"line":72,"column":32}},"locations":[{"start":{"line":70,"column":-1},"end":{"line":72,"column":32}}]},"22":{"type":"branch","line":72,"loc":{"start":{"line":72,"column":32},"end":{"line":72,"column":40}},"locations":[{"start":{"line":72,"column":32},"end":{"line":72,"column":40}}]},"23":{"type":"branch","line":72,"loc":{"start":{"line":72,"column":41},"end":{"line":72,"column":49}},"locations":[{"start":{"line":72,"column":41},"end":{"line":72,"column":49}}]},"24":{"type":"branch","line":75,"loc":{"start":{"line":75,"column":28},"end":{"line":79,"column":5}},"locations":[{"start":{"line":75,"column":28},"end":{"line":79,"column":5}}]},"25":{"type":"branch","line":78,"loc":{"start":{"line":78,"column":30},"end":{"line":78,"column":83}},"locations":[{"start":{"line":78,"column":30},"end":{"line":78,"column":83}}]},"26":{"type":"branch","line":80,"loc":{"start":{"line":80,"column":-1},"end":{"line":80,"column":26}},"locations":[{"start":{"line":80,"column":-1},"end":{"line":80,"column":26}}]},"27":{"type":"branch","line":80,"loc":{"start":{"line":80,"column":26},"end":{"line":82,"column":5}},"locations":[{"start":{"line":80,"column":26},"end":{"line":82,"column":5}}]},"28":{"type":"branch","line":83,"loc":{"start":{"line":83,"column":-1},"end":{"line":83,"column":33}},"locations":[{"start":{"line":83,"column":-1},"end":{"line":83,"column":33}}]},"29":{"type":"branch","line":83,"loc":{"start":{"line":83,"column":33},"end":{"line":87,"column":5}},"locations":[{"start":{"line":83,"column":33},"end":{"line":87,"column":5}}]},"30":{"type":"branch","line":86,"loc":{"start":{"line":86,"column":35},"end":{"line":86,"column":93}},"locations":[{"start":{"line":86,"column":35},"end":{"line":86,"column":93}}]},"31":{"type":"branch","line":88,"loc":{"start":{"line":88,"column":-1},"end":{"line":89,"column":29}},"locations":[{"start":{"line":88,"column":-1},"end":{"line":89,"column":29}}]},"32":{"type":"branch","line":89,"loc":{"start":{"line":89,"column":20},"end":{"line":89,"column":36}},"locations":[{"start":{"line":89,"column":20},"end":{"line":89,"column":36}}]},"33":{"type":"branch","line":90,"loc":{"start":{"line":90,"column":-1},"end":{"line":91,"column":3}},"locations":[{"start":{"line":90,"column":-1},"end":{"line":91,"column":3}}]},"34":{"type":"branch","line":93,"loc":{"start":{"line":93,"column":17},"end":{"line":96,"column":3}},"locations":[{"start":{"line":93,"column":17},"end":{"line":96,"column":3}}]},"35":{"type":"branch","line":77,"loc":{"start":{"line":77,"column":34},"end":{"line":77,"column":66}},"locations":[{"start":{"line":77,"column":34},"end":{"line":77,"column":66}}]},"36":{"type":"branch","line":85,"loc":{"start":{"line":85,"column":39},"end":{"line":85,"column":88}},"locations":[{"start":{"line":85,"column":39},"end":{"line":85,"column":88}}]}},"b":{"0":[0],"1":[42],"2":[93],"3":[18],"4":[75],"5":[13],"6":[12],"7":[11],"8":[82],"9":[1],"10":[8],"11":[1],"12":[24],"13":[6],"14":[18],"15":[60],"16":[7],"17":[53],"18":[1],"19":[52],"20":[8],"21":[18],"22":[13],"23":[5],"24":[2],"25":[1],"26":[18],"27":[1],"28":[18],"29":[2],"30":[1],"31":[18],"32":[5],"33":[18],"34":[7],"35":[6],"36":[6]},"fnMap":{"0":{"name":"flattenObject","decl":{"start":{"line":17,"column":0},"end":{"line":28,"column":1}},"loc":{"start":{"line":17,"column":0},"end":{"line":28,"column":1}},"line":17},"1":{"name":"run","decl":{"start":{"line":31,"column":0},"end":{"line":100,"column":1}},"loc":{"start":{"line":31,"column":0},"end":{"line":100,"column":1}},"line":31}},"f":{"0":42,"1":8}}
,"/Users/mohammedalakel/Desktop/WEBSITE/FlixCamFinal 3/src/lib/utils/circuit-breaker.ts": {"path":"/Users/mohammedalakel/Desktop/WEBSITE/FlixCamFinal 3/src/lib/utils/circuit-breaker.ts","all":false,"statementMap":{"0":{"start":{"line":1,"column":0},"end":{"line":1,"column":3}},"1":{"start":{"line":2,"column":0},"end":{"line":2,"column":41}},"2":{"start":{"line":3,"column":0},"end":{"line":3,"column":92}},"3":{"start":{"line":4,"column":0},"end":{"line":4,"column":81}},"4":{"start":{"line":5,"column":0},"end":{"line":5,"column":3}},"5":{"start":{"line":6,"column":0},"end":{"line":6,"column":0}},"6":{"start":{"line":7,"column":0},"end":{"line":7,"column":45}},"7":{"start":{"line":8,"column":0},"end":{"line":8,"column":14}},"8":{"start":{"line":9,"column":0},"end":{"line":9,"column":37}},"9":{"start":{"line":10,"column":0},"end":{"line":10,"column":20}},"10":{"start":{"line":11,"column":0},"end":{"line":11,"column":5}},"11":{"start":{"line":12,"column":0},"end":{"line":12,"column":62}},"12":{"start":{"line":13,"column":0},"end":{"line":13,"column":34}},"13":{"start":{"line":14,"column":0},"end":{"line":14,"column":3}},"14":{"start":{"line":15,"column":0},"end":{"line":15,"column":1}},"15":{"start":{"line":16,"column":0},"end":{"line":16,"column":0}},"16":{"start":{"line":17,"column":0},"end":{"line":17,"column":51}},"17":{"start":{"line":18,"column":0},"end":{"line":18,"column":0}},"18":{"start":{"line":19,"column":0},"end":{"line":19,"column":30}},"19":{"start":{"line":20,"column":0},"end":{"line":20,"column":55}},"20":{"start":{"line":21,"column":0},"end":{"line":21,"column":44}},"21":{"start":{"line":22,"column":0},"end":{"line":22,"column":0}},"22":{"start":{"line":23,"column":0},"end":{"line":23,"column":29}},"23":{"start":{"line":24,"column":0},"end":{"line":24,"column":40}},"24":{"start":{"line":25,"column":0},"end":{"line":25,"column":22}},"25":{"start":{"line":26,"column":0},"end":{"line":26,"column":29}},"26":{"start":{"line":27,"column":0},"end":{"line":27,"column":38}},"27":{"start":{"line":28,"column":0},"end":{"line":28,"column":41}},"28":{"start":{"line":29,"column":0},"end":{"line":29,"column":35}},"29":{"start":{"line":30,"column":0},"end":{"line":30,"column":31}},"30":{"start":{"line":31,"column":0},"end":{"line":31,"column":0}},"31":{"start":{"line":32,"column":0},"end":{"line":32,"column":24}},"32":{"start":{"line":33,"column":0},"end":{"line":33,"column":16}},"33":{"start":{"line":34,"column":0},"end":{"line":34,"column":24}},"34":{"start":{"line":35,"column":0},"end":{"line":35,"column":27}},"35":{"start":{"line":36,"column":0},"end":{"line":36,"column":21}},"36":{"start":{"line":37,"column":0},"end":{"line":37,"column":6}},"37":{"start":{"line":38,"column":0},"end":{"line":38,"column":28}},"38":{"start":{"line":39,"column":0},"end":{"line":39,"column":66}},"39":{"start":{"line":40,"column":0},"end":{"line":40,"column":76}},"40":{"start":{"line":41,"column":0},"end":{"line":41,"column":57}},"41":{"start":{"line":42,"column":0},"end":{"line":42,"column":3}},"42":{"start":{"line":43,"column":0},"end":{"line":43,"column":0}},"43":{"start":{"line":44,"column":0},"end":{"line":44,"column":28}},"44":{"start":{"line":45,"column":0},"end":{"line":45,"column":26}},"45":{"start":{"line":46,"column":0},"end":{"line":46,"column":85}},"46":{"start":{"line":47,"column":0},"end":{"line":47,"column":30}},"47":{"start":{"line":48,"column":0},"end":{"line":48,"column":23}},"48":{"start":{"line":49,"column":0},"end":{"line":49,"column":68}},"49":{"start":{"line":50,"column":0},"end":{"line":50,"column":5}},"50":{"start":{"line":51,"column":0},"end":{"line":51,"column":21}},"51":{"start":{"line":52,"column":0},"end":{"line":52,"column":3}},"52":{"start":{"line":53,"column":0},"end":{"line":53,"column":0}},"53":{"start":{"line":54,"column":0},"end":{"line":54,"column":25}},"54":{"start":{"line":55,"column":0},"end":{"line":55,"column":37}},"55":{"start":{"line":56,"column":0},"end":{"line":56,"column":27}},"56":{"start":{"line":57,"column":0},"end":{"line":57,"column":23}},"57":{"start":{"line":58,"column":0},"end":{"line":58,"column":80}},"58":{"start":{"line":59,"column":0},"end":{"line":59,"column":5}},"59":{"start":{"line":60,"column":0},"end":{"line":60,"column":3}},"60":{"start":{"line":61,"column":0},"end":{"line":61,"column":0}},"61":{"start":{"line":62,"column":0},"end":{"line":62,"column":25}},"62":{"start":{"line":63,"column":0},"end":{"line":63,"column":26}},"63":{"start":{"line":64,"column":0},"end":{"line":64,"column":53}},"64":{"start":{"line":65,"column":0},"end":{"line":65,"column":23}},"65":{"start":{"line":66,"column":0},"end":{"line":66,"column":5}},"66":{"start":{"line":67,"column":0},"end":{"line":67,"column":30}},"67":{"start":{"line":68,"column":0},"end":{"line":68,"column":22}},"68":{"start":{"line":69,"column":0},"end":{"line":69,"column":44}},"69":{"start":{"line":70,"column":0},"end":{"line":70,"column":25}},"70":{"start":{"line":71,"column":0},"end":{"line":71,"column":93}},"71":{"start":{"line":72,"column":0},"end":{"line":72,"column":5}},"72":{"start":{"line":73,"column":0},"end":{"line":73,"column":3}},"73":{"start":{"line":74,"column":0},"end":{"line":74,"column":0}},"74":{"start":{"line":75,"column":0},"end":{"line":75,"column":17}},"75":{"start":{"line":76,"column":0},"end":{"line":76,"column":25}},"76":{"start":{"line":77,"column":0},"end":{"line":77,"column":21}},"77":{"start":{"line":78,"column":0},"end":{"line":78,"column":28}},"78":{"start":{"line":79,"column":0},"end":{"line":79,"column":64}},"79":{"start":{"line":80,"column":0},"end":{"line":80,"column":3}},"80":{"start":{"line":81,"column":0},"end":{"line":81,"column":0}},"81":{"start":{"line":82,"column":0},"end":{"line":82,"column":54}},"82":{"start":{"line":83,"column":0},"end":{"line":83,"column":33}},"83":{"start":{"line":84,"column":0},"end":{"line":84,"column":27}},"84":{"start":{"line":85,"column":0},"end":{"line":85,"column":76}},"85":{"start":{"line":86,"column":0},"end":{"line":86,"column":5}},"86":{"start":{"line":87,"column":0},"end":{"line":87,"column":9}},"87":{"start":{"line":88,"column":0},"end":{"line":88,"column":31}},"88":{"start":{"line":89,"column":0},"end":{"line":89,"column":26}},"89":{"start":{"line":90,"column":0},"end":{"line":90,"column":19}},"90":{"start":{"line":91,"column":0},"end":{"line":91,"column":19}},"91":{"start":{"line":92,"column":0},"end":{"line":92,"column":26}},"92":{"start":{"line":93,"column":0},"end":{"line":93,"column":15}},"93":{"start":{"line":94,"column":0},"end":{"line":94,"column":5}},"94":{"start":{"line":95,"column":0},"end":{"line":95,"column":3}},"95":{"start":{"line":96,"column":0},"end":{"line":96,"column":1}},"96":{"start":{"line":97,"column":0},"end":{"line":97,"column":0}},"97":{"start":{"line":98,"column":0},"end":{"line":98,"column":42}},"98":{"start":{"line":99,"column":0},"end":{"line":99,"column":17}},"99":{"start":{"line":100,"column":0},"end":{"line":100,"column":17}},"100":{"start":{"line":101,"column":0},"end":{"line":101,"column":32}},"101":{"start":{"line":102,"column":0},"end":{"line":102,"column":2}},"102":{"start":{"line":103,"column":0},"end":{"line":103,"column":42}},"103":{"start":{"line":104,"column":0},"end":{"line":104,"column":17}},"104":{"start":{"line":105,"column":0},"end":{"line":105,"column":17}},"105":{"start":{"line":106,"column":0},"end":{"line":106,"column":32}},"106":{"start":{"line":107,"column":0},"end":{"line":107,"column":2}},"107":{"start":{"line":108,"column":0},"end":{"line":108,"column":41}},"108":{"start":{"line":109,"column":0},"end":{"line":109,"column":16}},"109":{"start":{"line":110,"column":0},"end":{"line":110,"column":17}},"110":{"start":{"line":111,"column":0},"end":{"line":111,"column":32}},"111":{"start":{"line":112,"column":0},"end":{"line":112,"column":2}},"112":{"start":{"line":113,"column":0},"end":{"line":113,"column":0}},"113":{"start":{"line":114,"column":0},"end":{"line":114,"column":53}}},"s":{"0":1,"1":1,"2":1,"3":1,"4":1,"5":1,"6":1,"7":1,"8":3,"9":3,"10":3,"11":3,"12":3,"13":3,"14":1,"15":1,"16":1,"17":1,"18":1,"19":1,"20":1,"21":1,"22":1,"23":1,"24":1,"25":1,"26":1,"27":1,"28":1,"29":1,"30":1,"31":1,"32":10,"33":10,"34":10,"35":10,"36":10,"37":10,"38":10,"39":10,"40":10,"41":10,"42":1,"43":1,"44":13,"45":13,"46":1,"47":1,"48":1,"49":1,"50":13,"51":13,"52":1,"53":1,"54":2,"55":1,"56":1,"57":1,"58":1,"59":2,"60":1,"61":1,"62":12,"63":12,"64":5,"65":5,"66":12,"67":12,"68":12,"69":6,"70":6,"71":6,"72":12,"73":1,"74":1,"75":1,"76":1,"77":1,"78":1,"79":1,"80":1,"81":1,"82":3,"83":3,"84":1,"85":1,"86":2,"87":2,"88":1,"89":1,"90":1,"91":1,"92":1,"93":1,"94":3,"95":1,"96":1,"97":1,"98":1,"99":1,"100":1,"101":1,"102":1,"103":1,"104":1,"105":1,"106":1,"107":1,"108":1,"109":1,"110":1,"111":1,"112":1,"113":1},"branchMap":{"0":{"type":"branch","line":8,"loc":{"start":{"line":8,"column":2},"end":{"line":14,"column":3}},"locations":[{"start":{"line":8,"column":2},"end":{"line":14,"column":3}}]},"1":{"type":"branch","line":12,"loc":{"start":{"line":12,"column":17},"end":{"line":12,"column":61}},"locations":[{"start":{"line":12,"column":17},"end":{"line":12,"column":61}}]},"2":{"type":"branch","line":32,"loc":{"start":{"line":32,"column":2},"end":{"line":42,"column":3}},"locations":[{"start":{"line":32,"column":2},"end":{"line":42,"column":3}}]},"3":{"type":"branch","line":39,"loc":{"start":{"line":39,"column":42},"end":{"line":39,"column":66}},"locations":[{"start":{"line":39,"column":42},"end":{"line":39,"column":66}}]},"4":{"type":"branch","line":40,"loc":{"start":{"line":40,"column":48},"end":{"line":40,"column":76}},"locations":[{"start":{"line":40,"column":48},"end":{"line":40,"column":76}}]},"5":{"type":"branch","line":41,"loc":{"start":{"line":41,"column":36},"end":{"line":41,"column":57}},"locations":[{"start":{"line":41,"column":36},"end":{"line":41,"column":57}}]},"6":{"type":"branch","line":44,"loc":{"start":{"line":44,"column":2},"end":{"line":52,"column":3}},"locations":[{"start":{"line":44,"column":2},"end":{"line":52,"column":3}}]},"7":{"type":"branch","line":46,"loc":{"start":{"line":46,"column":29},"end":{"line":46,"column":82}},"locations":[{"start":{"line":46,"column":29},"end":{"line":46,"column":82}}]},"8":{"type":"branch","line":46,"loc":{"start":{"line":46,"column":84},"end":{"line":50,"column":5}},"locations":[{"start":{"line":46,"column":84},"end":{"line":50,"column":5}}]},"9":{"type":"branch","line":54,"loc":{"start":{"line":54,"column":2},"end":{"line":60,"column":3}},"locations":[{"start":{"line":54,"column":2},"end":{"line":60,"column":3}}]},"10":{"type":"branch","line":55,"loc":{"start":{"line":55,"column":36},"end":{"line":59,"column":5}},"locations":[{"start":{"line":55,"column":36},"end":{"line":59,"column":5}}]},"11":{"type":"branch","line":62,"loc":{"start":{"line":62,"column":2},"end":{"line":73,"column":3}},"locations":[{"start":{"line":62,"column":2},"end":{"line":73,"column":3}}]},"12":{"type":"branch","line":64,"loc":{"start":{"line":64,"column":52},"end":{"line":66,"column":5}},"locations":[{"start":{"line":64,"column":52},"end":{"line":66,"column":5}}]},"13":{"type":"branch","line":69,"loc":{"start":{"line":69,"column":43},"end":{"line":72,"column":5}},"locations":[{"start":{"line":69,"column":43},"end":{"line":72,"column":5}}]},"14":{"type":"branch","line":75,"loc":{"start":{"line":75,"column":2},"end":{"line":80,"column":3}},"locations":[{"start":{"line":75,"column":2},"end":{"line":80,"column":3}}]},"15":{"type":"branch","line":82,"loc":{"start":{"line":82,"column":2},"end":{"line":95,"column":3}},"locations":[{"start":{"line":82,"column":2},"end":{"line":95,"column":3}}]},"16":{"type":"branch","line":84,"loc":{"start":{"line":84,"column":26},"end":{"line":86,"column":5}},"locations":[{"start":{"line":84,"column":26},"end":{"line":86,"column":5}}]},"17":{"type":"branch","line":87,"loc":{"start":{"line":87,"column":-1},"end":{"line":88,"column":31}},"locations":[{"start":{"line":87,"column":-1},"end":{"line":88,"column":31}}]},"18":{"type":"branch","line":89,"loc":{"start":{"line":89,"column":-1},"end":{"line":94,"column":5}},"locations":[{"start":{"line":89,"column":-1},"end":{"line":94,"column":5}}]}},"b":{"0":[3],"1":[1],"2":[10],"3":[2],"4":[5],"5":[9],"6":[13],"7":[7],"8":[1],"9":[2],"10":[1],"11":[12],"12":[5],"13":[6],"14":[1],"15":[3],"16":[1],"17":[2],"18":[1]},"fnMap":{"0":{"name":"CircuitOpenError","decl":{"start":{"line":8,"column":2},"end":{"line":14,"column":3}},"loc":{"start":{"line":8,"column":2},"end":{"line":14,"column":3}},"line":8},"1":{"name":"CircuitBreaker","decl":{"start":{"line":32,"column":2},"end":{"line":42,"column":3}},"loc":{"start":{"line":32,"column":2},"end":{"line":42,"column":3}},"line":32},"2":{"name":"getState","decl":{"start":{"line":44,"column":2},"end":{"line":52,"column":3}},"loc":{"start":{"line":44,"column":2},"end":{"line":52,"column":3}},"line":44},"3":{"name":"recordSuccess","decl":{"start":{"line":54,"column":2},"end":{"line":60,"column":3}},"loc":{"start":{"line":54,"column":2},"end":{"line":60,"column":3}},"line":54},"4":{"name":"recordFailure","decl":{"start":{"line":62,"column":2},"end":{"line":73,"column":3}},"loc":{"start":{"line":62,"column":2},"end":{"line":73,"column":3}},"line":62},"5":{"name":"reset","decl":{"start":{"line":75,"column":2},"end":{"line":80,"column":3}},"loc":{"start":{"line":75,"column":2},"end":{"line":80,"column":3}},"line":75},"6":{"name":"execute","decl":{"start":{"line":82,"column":2},"end":{"line":95,"column":3}},"loc":{"start":{"line":82,"column":2},"end":{"line":95,"column":3}},"line":82}},"f":{"0":3,"1":10,"2":13,"3":2,"4":12,"5":1,"6":3}}
,"/Users/mohammedalakel/Desktop/WEBSITE/FlixCamFinal 3/src/lib/utils/cost-tracker.ts": {"path":"/Users/mohammedalakel/Desktop/WEBSITE/FlixCamFinal 3/src/lib/utils/cost-tracker.ts","all":false,"statementMap":{"0":{"start":{"line":1,"column":0},"end":{"line":1,"column":3}},"1":{"start":{"line":2,"column":0},"end":{"line":2,"column":92}},"2":{"start":{"line":3,"column":0},"end":{"line":3,"column":3}},"3":{"start":{"line":4,"column":0},"end":{"line":4,"column":0}},"4":{"start":{"line":5,"column":0},"end":{"line":5,"column":40}},"5":{"start":{"line":6,"column":0},"end":{"line":6,"column":0}},"6":{"start":{"line":7,"column":0},"end":{"line":7,"column":66}},"7":{"start":{"line":8,"column":0},"end":{"line":8,"column":46}},"8":{"start":{"line":9,"column":0},"end":{"line":9,"column":38}},"9":{"start":{"line":10,"column":0},"end":{"line":10,"column":35}},"10":{"start":{"line":11,"column":0},"end":{"line":11,"column":51}},"11":{"start":{"line":12,"column":0},"end":{"line":12,"column":60}},"12":{"start":{"line":13,"column":0},"end":{"line":13,"column":57}},"13":{"start":{"line":14,"column":0},"end":{"line":14,"column":1}},"14":{"start":{"line":15,"column":0},"end":{"line":15,"column":0}},"15":{"start":{"line":16,"column":0},"end":{"line":16,"column":23}},"16":{"start":{"line":17,"column":0},"end":{"line":17,"column":19}},"17":{"start":{"line":18,"column":0},"end":{"line":18,"column":22}},"18":{"start":{"line":19,"column":0},"end":{"line":19,"column":20}},"19":{"start":{"line":20,"column":0},"end":{"line":20,"column":13}},"20":{"start":{"line":21,"column":0},"end":{"line":21,"column":16}},"21":{"start":{"line":22,"column":0},"end":{"line":22,"column":0}},"22":{"start":{"line":23,"column":0},"end":{"line":23,"column":27}},"23":{"start":{"line":24,"column":0},"end":{"line":24,"column":22}},"24":{"start":{"line":25,"column":0},"end":{"line":25,"column":27}},"25":{"start":{"line":26,"column":0},"end":{"line":26,"column":10}},"26":{"start":{"line":27,"column":0},"end":{"line":27,"column":1}},"27":{"start":{"line":28,"column":0},"end":{"line":28,"column":0}},"28":{"start":{"line":29,"column":0},"end":{"line":29,"column":3}},"29":{"start":{"line":30,"column":0},"end":{"line":30,"column":61}},"30":{"start":{"line":31,"column":0},"end":{"line":31,"column":3}},"31":{"start":{"line":32,"column":0},"end":{"line":32,"column":41}},"32":{"start":{"line":33,"column":0},"end":{"line":33,"column":15}},"33":{"start":{"line":34,"column":0},"end":{"line":34,"column":20}},"34":{"start":{"line":35,"column":0},"end":{"line":35,"column":15}},"35":{"start":{"line":36,"column":0},"end":{"line":36,"column":21}},"36":{"start":{"line":37,"column":0},"end":{"line":37,"column":22}},"37":{"start":{"line":38,"column":0},"end":{"line":38,"column":21}},"38":{"start":{"line":39,"column":0},"end":{"line":39,"column":59}},"39":{"start":{"line":40,"column":0},"end":{"line":40,"column":18}},"40":{"start":{"line":41,"column":0},"end":{"line":41,"column":34}},"41":{"start":{"line":42,"column":0},"end":{"line":42,"column":31}},"42":{"start":{"line":43,"column":0},"end":{"line":43,"column":10}},"43":{"start":{"line":44,"column":0},"end":{"line":44,"column":86}},"44":{"start":{"line":45,"column":0},"end":{"line":45,"column":3}},"45":{"start":{"line":46,"column":0},"end":{"line":46,"column":25}},"46":{"start":{"line":47,"column":0},"end":{"line":47,"column":7}},"47":{"start":{"line":48,"column":0},"end":{"line":48,"column":31}},"48":{"start":{"line":49,"column":0},"end":{"line":49,"column":27}},"49":{"start":{"line":50,"column":0},"end":{"line":50,"column":34}},"50":{"start":{"line":51,"column":0},"end":{"line":51,"column":47}},"51":{"start":{"line":52,"column":0},"end":{"line":52,"column":9}},"52":{"start":{"line":53,"column":0},"end":{"line":53,"column":33}},"53":{"start":{"line":54,"column":0},"end":{"line":54,"column":16}},"54":{"start":{"line":55,"column":0},"end":{"line":55,"column":56}},"55":{"start":{"line":56,"column":0},"end":{"line":56,"column":10}},"56":{"start":{"line":57,"column":0},"end":{"line":57,"column":77}},"57":{"start":{"line":58,"column":0},"end":{"line":58,"column":17}},"58":{"start":{"line":59,"column":0},"end":{"line":59,"column":15}},"59":{"start":{"line":60,"column":0},"end":{"line":60,"column":32}},"60":{"start":{"line":61,"column":0},"end":{"line":61,"column":24}},"61":{"start":{"line":62,"column":0},"end":{"line":62,"column":22}},"62":{"start":{"line":63,"column":0},"end":{"line":63,"column":10}},"63":{"start":{"line":64,"column":0},"end":{"line":64,"column":9}},"64":{"start":{"line":65,"column":0},"end":{"line":65,"column":6}},"65":{"start":{"line":66,"column":0},"end":{"line":66,"column":15}},"66":{"start":{"line":67,"column":0},"end":{"line":67,"column":57}},"67":{"start":{"line":68,"column":0},"end":{"line":68,"column":3}},"68":{"start":{"line":69,"column":0},"end":{"line":69,"column":13}},"69":{"start":{"line":70,"column":0},"end":{"line":70,"column":1}},"70":{"start":{"line":71,"column":0},"end":{"line":71,"column":0}},"71":{"start":{"line":72,"column":0},"end":{"line":72,"column":3}},"72":{"start":{"line":73,"column":0},"end":{"line":73,"column":86}},"73":{"start":{"line":74,"column":0},"end":{"line":74,"column":3}},"74":{"start":{"line":75,"column":0},"end":{"line":75,"column":40}},"75":{"start":{"line":76,"column":0},"end":{"line":76,"column":15}},"76":{"start":{"line":77,"column":0},"end":{"line":77,"column":20}},"77":{"start":{"line":78,"column":0},"end":{"line":78,"column":17}},"78":{"start":{"line":79,"column":0},"end":{"line":79,"column":19}},"79":{"start":{"line":80,"column":0},"end":{"line":80,"column":31}},"80":{"start":{"line":81,"column":0},"end":{"line":81,"column":25}},"81":{"start":{"line":82,"column":0},"end":{"line":82,"column":37}},"82":{"start":{"line":83,"column":0},"end":{"line":83,"column":28}},"83":{"start":{"line":84,"column":0},"end":{"line":84,"column":7}},"84":{"start":{"line":85,"column":0},"end":{"line":85,"column":84}},"85":{"start":{"line":86,"column":0},"end":{"line":86,"column":31}},"86":{"start":{"line":87,"column":0},"end":{"line":87,"column":27}},"87":{"start":{"line":88,"column":0},"end":{"line":88,"column":34}},"88":{"start":{"line":89,"column":0},"end":{"line":89,"column":55}},"89":{"start":{"line":90,"column":0},"end":{"line":90,"column":9}},"90":{"start":{"line":91,"column":0},"end":{"line":91,"column":33}},"91":{"start":{"line":92,"column":0},"end":{"line":92,"column":65}},"92":{"start":{"line":93,"column":0},"end":{"line":93,"column":85}},"93":{"start":{"line":94,"column":0},"end":{"line":94,"column":84}},"94":{"start":{"line":95,"column":0},"end":{"line":95,"column":9}},"95":{"start":{"line":96,"column":0},"end":{"line":96,"column":18}},"96":{"start":{"line":97,"column":0},"end":{"line":97,"column":11}},"97":{"start":{"line":98,"column":0},"end":{"line":98,"column":38}},"98":{"start":{"line":99,"column":0},"end":{"line":99,"column":41}},"99":{"start":{"line":100,"column":0},"end":{"line":100,"column":21}},"100":{"start":{"line":101,"column":0},"end":{"line":101,"column":63}},"101":{"start":{"line":102,"column":0},"end":{"line":102,"column":65}},"102":{"start":{"line":103,"column":0},"end":{"line":103,"column":16}},"103":{"start":{"line":104,"column":0},"end":{"line":104,"column":15}},"104":{"start":{"line":105,"column":0},"end":{"line":105,"column":11}},"105":{"start":{"line":106,"column":0},"end":{"line":106,"column":14}},"106":{"start":{"line":107,"column":0},"end":{"line":107,"column":6}},"107":{"start":{"line":108,"column":0},"end":{"line":108,"column":15}},"108":{"start":{"line":109,"column":0},"end":{"line":109,"column":56}},"109":{"start":{"line":110,"column":0},"end":{"line":110,"column":3}},"110":{"start":{"line":111,"column":0},"end":{"line":111,"column":1}},"111":{"start":{"line":112,"column":0},"end":{"line":112,"column":0}},"112":{"start":{"line":113,"column":0},"end":{"line":113,"column":3}},"113":{"start":{"line":114,"column":0},"end":{"line":114,"column":95}},"114":{"start":{"line":115,"column":0},"end":{"line":115,"column":3}},"115":{"start":{"line":116,"column":0},"end":{"line":116,"column":92}},"116":{"start":{"line":117,"column":0},"end":{"line":117,"column":54}},"117":{"start":{"line":118,"column":0},"end":{"line":118,"column":29}},"118":{"start":{"line":119,"column":0},"end":{"line":119,"column":4}},"119":{"start":{"line":120,"column":0},"end":{"line":120,"column":75}},"120":{"start":{"line":121,"column":0},"end":{"line":121,"column":41}},"121":{"start":{"line":122,"column":0},"end":{"line":122,"column":94}},"122":{"start":{"line":123,"column":0},"end":{"line":123,"column":98}},"123":{"start":{"line":124,"column":0},"end":{"line":124,"column":13}},"124":{"start":{"line":125,"column":0},"end":{"line":125,"column":1}},"125":{"start":{"line":126,"column":0},"end":{"line":126,"column":0}},"126":{"start":{"line":127,"column":0},"end":{"line":127,"column":31}},"127":{"start":{"line":128,"column":0},"end":{"line":128,"column":75}},"128":{"start":{"line":129,"column":0},"end":{"line":129,"column":77}},"129":{"start":{"line":130,"column":0},"end":{"line":130,"column":36}},"130":{"start":{"line":131,"column":0},"end":{"line":131,"column":1}},"131":{"start":{"line":132,"column":0},"end":{"line":132,"column":0}},"132":{"start":{"line":133,"column":0},"end":{"line":133,"column":3}},"133":{"start":{"line":134,"column":0},"end":{"line":134,"column":79}},"134":{"start":{"line":135,"column":0},"end":{"line":135,"column":3}},"135":{"start":{"line":136,"column":0},"end":{"line":136,"column":64}},"136":{"start":{"line":137,"column":0},"end":{"line":137,"column":54}},"137":{"start":{"line":138,"column":0},"end":{"line":138,"column":29}},"138":{"start":{"line":139,"column":0},"end":{"line":139,"column":4}},"139":{"start":{"line":140,"column":0},"end":{"line":140,"column":89}},"140":{"start":{"line":141,"column":0},"end":{"line":141,"column":95}},"141":{"start":{"line":142,"column":0},"end":{"line":142,"column":87}},"142":{"start":{"line":143,"column":0},"end":{"line":143,"column":93}},"143":{"start":{"line":144,"column":0},"end":{"line":144,"column":10}},"144":{"start":{"line":145,"column":0},"end":{"line":145,"column":12}},"145":{"start":{"line":146,"column":0},"end":{"line":146,"column":24}},"146":{"start":{"line":147,"column":0},"end":{"line":147,"column":26}},"147":{"start":{"line":148,"column":0},"end":{"line":148,"column":71}},"148":{"start":{"line":149,"column":0},"end":{"line":149,"column":6}},"149":{"start":{"line":150,"column":0},"end":{"line":150,"column":14}},"150":{"start":{"line":151,"column":0},"end":{"line":151,"column":26}},"151":{"start":{"line":152,"column":0},"end":{"line":152,"column":28}},"152":{"start":{"line":153,"column":0},"end":{"line":153,"column":77}},"153":{"start":{"line":154,"column":0},"end":{"line":154,"column":6}},"154":{"start":{"line":155,"column":0},"end":{"line":155,"column":19}},"155":{"start":{"line":156,"column":0},"end":{"line":156,"column":3}},"156":{"start":{"line":157,"column":0},"end":{"line":157,"column":1}},"157":{"start":{"line":158,"column":0},"end":{"line":158,"column":0}},"158":{"start":{"line":159,"column":0},"end":{"line":159,"column":3}},"159":{"start":{"line":160,"column":0},"end":{"line":160,"column":84}},"160":{"start":{"line":161,"column":0},"end":{"line":161,"column":3}},"161":{"start":{"line":162,"column":0},"end":{"line":162,"column":51}},"162":{"start":{"line":163,"column":0},"end":{"line":163,"column":54}},"163":{"start":{"line":164,"column":0},"end":{"line":164,"column":23}},"164":{"start":{"line":165,"column":0},"end":{"line":165,"column":34}},"165":{"start":{"line":166,"column":0},"end":{"line":166,"column":31}},"166":{"start":{"line":167,"column":0},"end":{"line":167,"column":11}},"167":{"start":{"line":168,"column":0},"end":{"line":168,"column":27}},"168":{"start":{"line":169,"column":0},"end":{"line":169,"column":33}},"169":{"start":{"line":170,"column":0},"end":{"line":170,"column":6}},"170":{"start":{"line":171,"column":0},"end":{"line":171,"column":4}},"171":{"start":{"line":172,"column":0},"end":{"line":172,"column":1}},"172":{"start":{"line":173,"column":0},"end":{"line":173,"column":0}},"173":{"start":{"line":174,"column":0},"end":{"line":174,"column":3}},"174":{"start":{"line":175,"column":0},"end":{"line":175,"column":46}},"175":{"start":{"line":176,"column":0},"end":{"line":176,"column":3}},"176":{"start":{"line":177,"column":0},"end":{"line":177,"column":53}},"177":{"start":{"line":178,"column":0},"end":{"line":178,"column":54}},"178":{"start":{"line":179,"column":0},"end":{"line":179,"column":23}},"179":{"start":{"line":180,"column":0},"end":{"line":180,"column":34}},"180":{"start":{"line":181,"column":0},"end":{"line":181,"column":31}},"181":{"start":{"line":182,"column":0},"end":{"line":182,"column":11}},"182":{"start":{"line":183,"column":0},"end":{"line":183,"column":29}},"183":{"start":{"line":184,"column":0},"end":{"line":184,"column":35}},"184":{"start":{"line":185,"column":0},"end":{"line":185,"column":6}},"185":{"start":{"line":186,"column":0},"end":{"line":186,"column":4}},"186":{"start":{"line":187,"column":0},"end":{"line":187,"column":1}}},"s":{"0":1,"1":1,"2":1,"3":1,"4":1,"5":1,"6":1,"7":1,"8":1,"9":1,"10":1,"11":1,"12":1,"13":1,"14":1,"15":1,"16":1,"17":1,"18":1,"19":1,"20":1,"21":1,"22":5,"23":5,"24":5,"25":5,"26":5,"27":1,"28":1,"29":1,"30":1,"31":1,"32":4,"33":4,"34":4,"35":4,"36":4,"37":4,"38":4,"39":4,"40":4,"41":1,"42":4,"43":3,"44":3,"45":4,"46":4,"47":4,"48":4,"49":4,"50":4,"51":4,"52":4,"53":4,"54":4,"55":4,"56":4,"57":4,"58":4,"59":4,"60":4,"61":4,"62":4,"63":4,"64":4,"65":4,"66":1,"67":1,"68":4,"69":4,"70":1,"71":1,"72":1,"73":1,"74":1,"75":2,"76":2,"77":2,"78":2,"79":2,"80":1,"81":1,"82":1,"83":1,"84":1,"85":1,"86":1,"87":1,"88":1,"89":1,"90":1,"91":1,"92":1,"93":1,"94":1,"95":1,"96":2,"97":0,"98":0,"99":0,"100":0,"101":0,"102":0,"103":0,"104":0,"105":2,"106":2,"107":2,"108":0,"109":0,"110":2,"111":1,"112":1,"113":1,"114":1,"115":1,"116":1,"117":1,"118":1,"119":1,"120":0,"121":1,"122":1,"123":0,"124":0,"125":1,"126":1,"127":1,"128":1,"129":1,"130":1,"131":1,"132":1,"133":1,"134":1,"135":1,"136":2,"137":2,"138":2,"139":2,"140":2,"141":2,"142":2,"143":2,"144":2,"145":2,"146":2,"147":2,"148":2,"149":2,"150":2,"151":2,"152":2,"153":2,"154":2,"155":2,"156":2,"157":1,"158":1,"159":1,"160":1,"161":1,"162":2,"163":2,"164":1,"165":1,"166":1,"167":1,"168":1,"169":1,"170":1,"171":1,"172":1,"173":1,"174":1,"175":1,"176":1,"177":1,"178":1,"179":0,"180":0,"181":0,"182":0,"183":0,"184":0,"185":0,"186":0},"branchMap":{"0":{"type":"branch","line":23,"loc":{"start":{"line":23,"column":0},"end":{"line":27,"column":1}},"locations":[{"start":{"line":23,"column":0},"end":{"line":27,"column":1}}]},"1":{"type":"branch","line":32,"loc":{"start":{"line":32,"column":7},"end":{"line":70,"column":1}},"locations":[{"start":{"line":32,"column":7},"end":{"line":70,"column":1}}]},"2":{"type":"branch","line":39,"loc":{"start":{"line":39,"column":38},"end":{"line":39,"column":59}},"locations":[{"start":{"line":39,"column":38},"end":{"line":39,"column":59}}]},"3":{"type":"branch","line":41,"loc":{"start":{"line":41,"column":33},"end":{"line":43,"column":3}},"locations":[{"start":{"line":41,"column":33},"end":{"line":43,"column":3}}]},"4":{"type":"branch","line":43,"loc":{"start":{"line":43,"column":3},"end":{"line":45,"column":3}},"locations":[{"start":{"line":43,"column":3},"end":{"line":45,"column":3}}]},"5":{"type":"branch","line":66,"loc":{"start":{"line":66,"column":-1},"end":{"line":66,"column":11}},"locations":[{"start":{"line":66,"column":-1},"end":{"line":66,"column":11}}]},"6":{"type":"branch","line":66,"loc":{"start":{"line":66,"column":4},"end":{"line":68,"column":3}},"locations":[{"start":{"line":66,"column":4},"end":{"line":68,"column":3}}]},"7":{"type":"branch","line":75,"loc":{"start":{"line":75,"column":7},"end":{"line":111,"column":1}},"locations":[{"start":{"line":75,"column":7},"end":{"line":111,"column":1}}]},"8":{"type":"branch","line":80,"loc":{"start":{"line":80,"column":25},"end":{"line":97,"column":9}},"locations":[{"start":{"line":80,"column":25},"end":{"line":97,"column":9}}]},"9":{"type":"branch","line":97,"loc":{"start":{"line":97,"column":8},"end":{"line":105,"column":11}},"locations":[{"start":{"line":97,"column":8},"end":{"line":105,"column":11}}]},"10":{"type":"branch","line":106,"loc":{"start":{"line":106,"column":8},"end":{"line":106,"column":12}},"locations":[{"start":{"line":106,"column":8},"end":{"line":106,"column":12}}]},"11":{"type":"branch","line":108,"loc":{"start":{"line":108,"column":-1},"end":{"line":108,"column":11}},"locations":[{"start":{"line":108,"column":-1},"end":{"line":108,"column":11}}]},"12":{"type":"branch","line":108,"loc":{"start":{"line":108,"column":4},"end":{"line":110,"column":3}},"locations":[{"start":{"line":108,"column":4},"end":{"line":110,"column":3}}]},"13":{"type":"branch","line":116,"loc":{"start":{"line":116,"column":7},"end":{"line":125,"column":1}},"locations":[{"start":{"line":116,"column":7},"end":{"line":125,"column":1}}]},"14":{"type":"branch","line":120,"loc":{"start":{"line":120,"column":15},"end":{"line":120,"column":31}},"locations":[{"start":{"line":120,"column":15},"end":{"line":120,"column":31}}]},"15":{"type":"branch","line":120,"loc":{"start":{"line":120,"column":44},"end":{"line":120,"column":62}},"locations":[{"start":{"line":120,"column":44},"end":{"line":120,"column":62}}]},"16":{"type":"branch","line":121,"loc":{"start":{"line":121,"column":-1},"end":{"line":122,"column":80}},"locations":[{"start":{"line":121,"column":-1},"end":{"line":122,"column":80}}]},"17":{"type":"branch","line":122,"loc":{"start":{"line":122,"column":82},"end":{"line":123,"column":84}},"locations":[{"start":{"line":122,"column":82},"end":{"line":123,"column":84}}]},"18":{"type":"branch","line":123,"loc":{"start":{"line":123,"column":86},"end":{"line":125,"column":1}},"locations":[{"start":{"line":123,"column":86},"end":{"line":125,"column":1}}]},"19":{"type":"branch","line":136,"loc":{"start":{"line":136,"column":7},"end":{"line":157,"column":1}},"locations":[{"start":{"line":136,"column":7},"end":{"line":157,"column":1}}]},"20":{"type":"branch","line":140,"loc":{"start":{"line":140,"column":29},"end":{"line":140,"column":48}},"locations":[{"start":{"line":140,"column":29},"end":{"line":140,"column":48}}]},"21":{"type":"branch","line":140,"loc":{"start":{"line":140,"column":49},"end":{"line":140,"column":85}},"locations":[{"start":{"line":140,"column":49},"end":{"line":140,"column":85}}]},"22":{"type":"branch","line":140,"loc":{"start":{"line":140,"column":86},"end":{"line":140,"column":89}},"locations":[{"start":{"line":140,"column":86},"end":{"line":140,"column":89}}]},"23":{"type":"branch","line":141,"loc":{"start":{"line":141,"column":31},"end":{"line":141,"column":52}},"locations":[{"start":{"line":141,"column":31},"end":{"line":141,"column":52}}]},"24":{"type":"branch","line":141,"loc":{"start":{"line":141,"column":53},"end":{"line":141,"column":91}},"locations":[{"start":{"line":141,"column":53},"end":{"line":141,"column":91}}]},"25":{"type":"branch","line":141,"loc":{"start":{"line":141,"column":92},"end":{"line":141,"column":95}},"locations":[{"start":{"line":141,"column":92},"end":{"line":141,"column":95}}]},"26":{"type":"branch","line":142,"loc":{"start":{"line":142,"column":30},"end":{"line":142,"column":46}},"locations":[{"start":{"line":142,"column":30},"end":{"line":142,"column":46}}]},"27":{"type":"branch","line":142,"loc":{"start":{"line":142,"column":47},"end":{"line":142,"column":80}},"locations":[{"start":{"line":142,"column":47},"end":{"line":142,"column":80}}]},"28":{"type":"branch","line":142,"loc":{"start":{"line":142,"column":81},"end":{"line":142,"column":87}},"locations":[{"start":{"line":142,"column":81},"end":{"line":142,"column":87}}]},"29":{"type":"branch","line":143,"loc":{"start":{"line":143,"column":32},"end":{"line":143,"column":50}},"locations":[{"start":{"line":143,"column":32},"end":{"line":143,"column":50}}]},"30":{"type":"branch","line":143,"loc":{"start":{"line":143,"column":51},"end":{"line":143,"column":86}},"locations":[{"start":{"line":143,"column":51},"end":{"line":143,"column":86}}]},"31":{"type":"branch","line":143,"loc":{"start":{"line":143,"column":87},"end":{"line":143,"column":93}},"locations":[{"start":{"line":143,"column":87},"end":{"line":143,"column":93}}]},"32":{"type":"branch","line":148,"loc":{"start":{"line":148,"column":37},"end":{"line":148,"column":63}},"locations":[{"start":{"line":148,"column":37},"end":{"line":148,"column":63}}]},"33":{"type":"branch","line":148,"loc":{"start":{"line":148,"column":64},"end":{"line":148,"column":70}},"locations":[{"start":{"line":148,"column":64},"end":{"line":148,"column":70}}]},"34":{"type":"branch","line":153,"loc":{"start":{"line":153,"column":39},"end":{"line":153,"column":69}},"locations":[{"start":{"line":153,"column":39},"end":{"line":153,"column":69}}]},"35":{"type":"branch","line":153,"loc":{"start":{"line":153,"column":70},"end":{"line":153,"column":76}},"locations":[{"start":{"line":153,"column":70},"end":{"line":153,"column":76}}]},"36":{"type":"branch","line":162,"loc":{"start":{"line":162,"column":7},"end":{"line":172,"column":1}},"locations":[{"start":{"line":162,"column":7},"end":{"line":172,"column":1}}]},"37":{"type":"branch","line":164,"loc":{"start":{"line":164,"column":17},"end":{"line":172,"column":1}},"locations":[{"start":{"line":164,"column":17},"end":{"line":172,"column":1}}]},"38":{"type":"branch","line":177,"loc":{"start":{"line":177,"column":7},"end":{"line":187,"column":1}},"locations":[{"start":{"line":177,"column":7},"end":{"line":187,"column":1}}]},"39":{"type":"branch","line":180,"loc":{"start":{"line":180,"column":-1},"end":{"line":187,"column":1}},"locations":[{"start":{"line":180,"column":-1},"end":{"line":187,"column":1}}]}},"b":{"0":[5],"1":[4],"2":[1],"3":[1],"4":[3],"5":[3],"6":[1],"7":[2],"8":[1],"9":[0],"10":[1],"11":[1],"12":[0],"13":[1],"14":[0],"15":[0],"16":[0],"17":[0],"18":[0],"19":[2],"20":[1],"21":[1],"22":[1],"23":[1],"24":[1],"25":[1],"26":[1],"27":[1],"28":[1],"29":[1],"30":[1],"31":[1],"32":[1],"33":[1],"34":[1],"35":[1],"36":[2],"37":[1],"38":[1],"39":[0]},"fnMap":{"0":{"name":"todayUTC","decl":{"start":{"line":23,"column":0},"end":{"line":27,"column":1}},"loc":{"start":{"line":23,"column":0},"end":{"line":27,"column":1}},"line":23},"1":{"name":"trackAICost","decl":{"start":{"line":32,"column":7},"end":{"line":70,"column":1}},"loc":{"start":{"line":32,"column":7},"end":{"line":70,"column":1}},"line":32},"2":{"name":"recordCost","decl":{"start":{"line":75,"column":7},"end":{"line":111,"column":1}},"loc":{"start":{"line":75,"column":7},"end":{"line":111,"column":1}},"line":75},"3":{"name":"canSpend","decl":{"start":{"line":116,"column":7},"end":{"line":125,"column":1}},"loc":{"start":{"line":116,"column":7},"end":{"line":125,"column":1}},"line":116},"4":{"name":"getSpendSummary","decl":{"start":{"line":136,"column":7},"end":{"line":157,"column":1}},"loc":{"start":{"line":136,"column":7},"end":{"line":157,"column":1}},"line":136},"5":{"name":"resetDaily","decl":{"start":{"line":162,"column":7},"end":{"line":172,"column":1}},"loc":{"start":{"line":162,"column":7},"end":{"line":172,"column":1}},"line":162},"6":{"name":"resetMonthly","decl":{"start":{"line":177,"column":7},"end":{"line":187,"column":1}},"loc":{"start":{"line":177,"column":7},"end":{"line":187,"column":1}},"line":177}},"f":{"0":5,"1":4,"2":2,"3":1,"4":2,"5":2,"6":1}}
,"/Users/mohammedalakel/Desktop/WEBSITE/FlixCamFinal 3/src/lib/utils/encryption.ts": {"path":"/Users/mohammedalakel/Desktop/WEBSITE/FlixCamFinal 3/src/lib/utils/encryption.ts","all":false,"statementMap":{"0":{"start":{"line":1,"column":0},"end":{"line":1,"column":3}},"1":{"start":{"line":2,"column":0},"end":{"line":2,"column":22}},"2":{"start":{"line":3,"column":0},"end":{"line":3,"column":66}},"3":{"start":{"line":4,"column":0},"end":{"line":4,"column":31}},"4":{"start":{"line":5,"column":0},"end":{"line":5,"column":3}},"5":{"start":{"line":6,"column":0},"end":{"line":6,"column":0}},"6":{"start":{"line":7,"column":0},"end":{"line":7,"column":32}},"7":{"start":{"line":8,"column":0},"end":{"line":8,"column":0}},"8":{"start":{"line":9,"column":0},"end":{"line":9,"column":31}},"9":{"start":{"line":10,"column":0},"end":{"line":10,"column":0}},"10":{"start":{"line":11,"column":0},"end":{"line":11,"column":37}},"11":{"start":{"line":12,"column":0},"end":{"line":12,"column":40}},"12":{"start":{"line":13,"column":0},"end":{"line":13,"column":46}},"13":{"start":{"line":14,"column":0},"end":{"line":14,"column":34}},"14":{"start":{"line":15,"column":0},"end":{"line":15,"column":22}},"15":{"start":{"line":16,"column":0},"end":{"line":16,"column":96}},"16":{"start":{"line":17,"column":0},"end":{"line":17,"column":7}},"17":{"start":{"line":18,"column":0},"end":{"line":18,"column":5}},"18":{"start":{"line":19,"column":0},"end":{"line":19,"column":14}},"19":{"start":{"line":20,"column":0},"end":{"line":20,"column":3}},"20":{"start":{"line":21,"column":0},"end":{"line":21,"column":13}},"21":{"start":{"line":22,"column":0},"end":{"line":22,"column":46}},"22":{"start":{"line":23,"column":0},"end":{"line":23,"column":3}},"23":{"start":{"line":24,"column":0},"end":{"line":24,"column":12}},"24":{"start":{"line":25,"column":0},"end":{"line":25,"column":1}},"25":{"start":{"line":26,"column":0},"end":{"line":26,"column":0}},"26":{"start":{"line":27,"column":0},"end":{"line":27,"column":47}},"27":{"start":{"line":28,"column":0},"end":{"line":28,"column":32}},"28":{"start":{"line":29,"column":0},"end":{"line":29,"column":35}},"29":{"start":{"line":30,"column":0},"end":{"line":30,"column":92}},"30":{"start":{"line":31,"column":0},"end":{"line":31,"column":52}},"31":{"start":{"line":32,"column":0},"end":{"line":32,"column":34}},"32":{"start":{"line":33,"column":0},"end":{"line":33,"column":45}},"33":{"start":{"line":34,"column":0},"end":{"line":34,"column":1}},"34":{"start":{"line":35,"column":0},"end":{"line":35,"column":0}},"35":{"start":{"line":36,"column":0},"end":{"line":36,"column":56}},"36":{"start":{"line":37,"column":0},"end":{"line":37,"column":32}},"37":{"start":{"line":38,"column":0},"end":{"line":38,"column":40}},"38":{"start":{"line":39,"column":0},"end":{"line":39,"column":44}},"39":{"start":{"line":40,"column":0},"end":{"line":40,"column":41}},"40":{"start":{"line":41,"column":0},"end":{"line":41,"column":44}},"41":{"start":{"line":42,"column":0},"end":{"line":42,"column":96}},"42":{"start":{"line":43,"column":0},"end":{"line":43,"column":59}},"43":{"start":{"line":44,"column":0},"end":{"line":44,"column":37}},"44":{"start":{"line":45,"column":0},"end":{"line":45,"column":18}},"45":{"start":{"line":46,"column":0},"end":{"line":46,"column":1}},"46":{"start":{"line":47,"column":0},"end":{"line":47,"column":0}},"47":{"start":{"line":48,"column":0},"end":{"line":48,"column":3}},"48":{"start":{"line":49,"column":0},"end":{"line":49,"column":76}},"49":{"start":{"line":50,"column":0},"end":{"line":50,"column":3}},"50":{"start":{"line":51,"column":0},"end":{"line":51,"column":53}},"51":{"start":{"line":52,"column":0},"end":{"line":52,"column":37}},"52":{"start":{"line":53,"column":0},"end":{"line":53,"column":1}}},"s":{"0":1,"1":1,"2":1,"3":1,"4":1,"5":1,"6":1,"7":1,"8":1,"9":1,"10":18,"11":18,"12":18,"13":4,"14":2,"15":2,"16":2,"17":2,"18":2,"19":2,"20":18,"21":12,"22":12,"23":2,"24":2,"25":1,"26":10,"27":10,"28":10,"29":10,"30":10,"31":10,"32":10,"33":10,"34":1,"35":8,"36":8,"37":8,"38":8,"39":6,"40":6,"41":6,"42":6,"43":6,"44":6,"45":6,"46":1,"47":1,"48":1,"49":1,"50":3,"51":3,"52":3},"branchMap":{"0":{"type":"branch","line":11,"loc":{"start":{"line":11,"column":0},"end":{"line":25,"column":1}},"locations":[{"start":{"line":11,"column":0},"end":{"line":25,"column":1}}]},"1":{"type":"branch","line":13,"loc":{"start":{"line":13,"column":45},"end":{"line":20,"column":3}},"locations":[{"start":{"line":13,"column":45},"end":{"line":20,"column":3}}]},"2":{"type":"branch","line":14,"loc":{"start":{"line":14,"column":12},"end":{"line":14,"column":31}},"locations":[{"start":{"line":14,"column":12},"end":{"line":14,"column":31}}]},"3":{"type":"branch","line":14,"loc":{"start":{"line":14,"column":33},"end":{"line":20,"column":3}},"locations":[{"start":{"line":14,"column":33},"end":{"line":20,"column":3}}]},"4":{"type":"branch","line":21,"loc":{"start":{"line":21,"column":-1},"end":{"line":21,"column":12}},"locations":[{"start":{"line":21,"column":-1},"end":{"line":21,"column":12}}]},"5":{"type":"branch","line":21,"loc":{"start":{"line":21,"column":12},"end":{"line":23,"column":3}},"locations":[{"start":{"line":21,"column":12},"end":{"line":23,"column":3}}]},"6":{"type":"branch","line":24,"loc":{"start":{"line":24,"column":-1},"end":{"line":25,"column":1}},"locations":[{"start":{"line":24,"column":-1},"end":{"line":25,"column":1}}]},"7":{"type":"branch","line":27,"loc":{"start":{"line":27,"column":0},"end":{"line":34,"column":1}},"locations":[{"start":{"line":27,"column":0},"end":{"line":34,"column":1}}]},"8":{"type":"branch","line":36,"loc":{"start":{"line":36,"column":0},"end":{"line":46,"column":1}},"locations":[{"start":{"line":36,"column":0},"end":{"line":46,"column":1}}]},"9":{"type":"branch","line":39,"loc":{"start":{"line":39,"column":24},"end":{"line":39,"column":44}},"locations":[{"start":{"line":39,"column":24},"end":{"line":39,"column":44}}]},"10":{"type":"branch","line":40,"loc":{"start":{"line":40,"column":-1},"end":{"line":46,"column":1}},"locations":[{"start":{"line":40,"column":-1},"end":{"line":46,"column":1}}]},"11":{"type":"branch","line":51,"loc":{"start":{"line":51,"column":0},"end":{"line":53,"column":1}},"locations":[{"start":{"line":51,"column":0},"end":{"line":53,"column":1}}]}},"b":{"0":[18],"1":[4],"2":[3],"3":[2],"4":[14],"5":[12],"6":[2],"7":[10],"8":[8],"9":[2],"10":[6],"11":[3]},"fnMap":{"0":{"name":"getEncryptionKey","decl":{"start":{"line":11,"column":0},"end":{"line":25,"column":1}},"loc":{"start":{"line":11,"column":0},"end":{"line":25,"column":1}},"line":11},"1":{"name":"encrypt","decl":{"start":{"line":27,"column":0},"end":{"line":34,"column":1}},"loc":{"start":{"line":27,"column":0},"end":{"line":34,"column":1}},"line":27},"2":{"name":"decrypt","decl":{"start":{"line":36,"column":0},"end":{"line":46,"column":1}},"loc":{"start":{"line":36,"column":0},"end":{"line":46,"column":1}},"line":36},"3":{"name":"isEncrypted","decl":{"start":{"line":51,"column":0},"end":{"line":53,"column":1}},"loc":{"start":{"line":51,"column":0},"end":{"line":53,"column":1}},"line":51}},"f":{"0":18,"1":10,"2":8,"3":3}}
,"/Users/mohammedalakel/Desktop/WEBSITE/FlixCamFinal 3/src/lib/utils/equipment-fuzzy-matcher.ts": {"path":"/Users/mohammedalakel/Desktop/WEBSITE/FlixCamFinal 3/src/lib/utils/equipment-fuzzy-matcher.ts","all":false,"statementMap":{"0":{"start":{"line":1,"column":0},"end":{"line":1,"column":3}},"1":{"start":{"line":2,"column":0},"end":{"line":2,"column":56}},"2":{"start":{"line":3,"column":0},"end":{"line":3,"column":65}},"3":{"start":{"line":4,"column":0},"end":{"line":4,"column":3}},"4":{"start":{"line":5,"column":0},"end":{"line":5,"column":0}},"5":{"start":{"line":6,"column":0},"end":{"line":6,"column":26}},"6":{"start":{"line":7,"column":0},"end":{"line":7,"column":40}},"7":{"start":{"line":8,"column":0},"end":{"line":8,"column":0}},"8":{"start":{"line":9,"column":0},"end":{"line":9,"column":38}},"9":{"start":{"line":10,"column":0},"end":{"line":10,"column":12}},"10":{"start":{"line":11,"column":0},"end":{"line":11,"column":22}},"11":{"start":{"line":12,"column":0},"end":{"line":12,"column":20}},"12":{"start":{"line":13,"column":0},"end":{"line":13,"column":26}},"13":{"start":{"line":14,"column":0},"end":{"line":14,"column":29}},"14":{"start":{"line":15,"column":0},"end":{"line":15,"column":20}},"15":{"start":{"line":16,"column":0},"end":{"line":16,"column":1}},"16":{"start":{"line":17,"column":0},"end":{"line":17,"column":0}},"17":{"start":{"line":18,"column":0},"end":{"line":18,"column":3}},"18":{"start":{"line":19,"column":0},"end":{"line":19,"column":47}},"19":{"start":{"line":20,"column":0},"end":{"line":20,"column":3}},"20":{"start":{"line":21,"column":0},"end":{"line":21,"column":29}},"21":{"start":{"line":22,"column":0},"end":{"line":22,"column":22}},"22":{"start":{"line":23,"column":0},"end":{"line":23,"column":20}},"23":{"start":{"line":24,"column":0},"end":{"line":24,"column":33}},"24":{"start":{"line":25,"column":0},"end":{"line":25,"column":36}},"25":{"start":{"line":26,"column":0},"end":{"line":26,"column":12}},"26":{"start":{"line":27,"column":0},"end":{"line":27,"column":17}},"27":{"start":{"line":28,"column":0},"end":{"line":28,"column":18}},"28":{"start":{"line":29,"column":0},"end":{"line":29,"column":16}},"29":{"start":{"line":30,"column":0},"end":{"line":30,"column":24}},"30":{"start":{"line":31,"column":0},"end":{"line":31,"column":27}},"31":{"start":{"line":32,"column":0},"end":{"line":32,"column":19}},"32":{"start":{"line":33,"column":0},"end":{"line":33,"column":38}},"33":{"start":{"line":34,"column":0},"end":{"line":34,"column":1}},"34":{"start":{"line":35,"column":0},"end":{"line":35,"column":0}},"35":{"start":{"line":36,"column":0},"end":{"line":36,"column":56}},"36":{"start":{"line":37,"column":0},"end":{"line":37,"column":16}},"37":{"start":{"line":38,"column":0},"end":{"line":38,"column":1}},"38":{"start":{"line":39,"column":0},"end":{"line":39,"column":0}},"39":{"start":{"line":40,"column":0},"end":{"line":40,"column":3}},"40":{"start":{"line":41,"column":0},"end":{"line":41,"column":57}},"41":{"start":{"line":42,"column":0},"end":{"line":42,"column":3}},"42":{"start":{"line":43,"column":0},"end":{"line":43,"column":48}},"43":{"start":{"line":44,"column":0},"end":{"line":44,"column":13}},"44":{"start":{"line":45,"column":0},"end":{"line":45,"column":35}},"45":{"start":{"line":46,"column":0},"end":{"line":46,"column":49}},"46":{"start":{"line":47,"column":0},"end":{"line":47,"column":47}},"47":{"start":{"line":48,"column":0},"end":{"line":48,"column":16}},"48":{"start":{"line":49,"column":0},"end":{"line":49,"column":13}},"49":{"start":{"line":50,"column":0},"end":{"line":50,"column":15}},"50":{"start":{"line":51,"column":0},"end":{"line":51,"column":18}},"51":{"start":{"line":52,"column":0},"end":{"line":52,"column":16}},"52":{"start":{"line":53,"column":0},"end":{"line":53,"column":40}},"53":{"start":{"line":54,"column":0},"end":{"line":54,"column":43}},"54":{"start":{"line":55,"column":0},"end":{"line":55,"column":6}},"55":{"start":{"line":56,"column":0},"end":{"line":56,"column":4}},"56":{"start":{"line":57,"column":0},"end":{"line":57,"column":28}},"57":{"start":{"line":58,"column":0},"end":{"line":58,"column":13}},"58":{"start":{"line":59,"column":0},"end":{"line":59,"column":28}},"59":{"start":{"line":60,"column":0},"end":{"line":60,"column":24}},"60":{"start":{"line":61,"column":0},"end":{"line":61,"column":38}},"61":{"start":{"line":62,"column":0},"end":{"line":62,"column":44}},"62":{"start":{"line":63,"column":0},"end":{"line":63,"column":35}},"63":{"start":{"line":64,"column":0},"end":{"line":64,"column":5}},"64":{"start":{"line":65,"column":0},"end":{"line":65,"column":1}},"65":{"start":{"line":66,"column":0},"end":{"line":66,"column":0}},"66":{"start":{"line":67,"column":0},"end":{"line":67,"column":3}},"67":{"start":{"line":68,"column":0},"end":{"line":68,"column":64}},"68":{"start":{"line":69,"column":0},"end":{"line":69,"column":60}},"69":{"start":{"line":70,"column":0},"end":{"line":70,"column":3}},"70":{"start":{"line":71,"column":0},"end":{"line":71,"column":47}},"71":{"start":{"line":72,"column":0},"end":{"line":72,"column":18}},"72":{"start":{"line":73,"column":0},"end":{"line":73,"column":17}},"73":{"start":{"line":74,"column":0},"end":{"line":74,"column":64}},"74":{"start":{"line":75,"column":0},"end":{"line":75,"column":35}},"75":{"start":{"line":76,"column":0},"end":{"line":76,"column":0}},"76":{"start":{"line":77,"column":0},"end":{"line":77,"column":51}},"77":{"start":{"line":78,"column":0},"end":{"line":78,"column":37}},"78":{"start":{"line":79,"column":0},"end":{"line":79,"column":0}},"79":{"start":{"line":80,"column":0},"end":{"line":80,"column":34}},"80":{"start":{"line":81,"column":0},"end":{"line":81,"column":70}},"81":{"start":{"line":82,"column":0},"end":{"line":82,"column":14}},"82":{"start":{"line":83,"column":0},"end":{"line":83,"column":23}},"83":{"start":{"line":84,"column":0},"end":{"line":84,"column":4}},"84":{"start":{"line":85,"column":0},"end":{"line":85,"column":0}},"85":{"start":{"line":86,"column":0},"end":{"line":86,"column":32}},"86
[...]
53},"end":{"line":36,"column":59}},"locations":[{"start":{"line":36,"column":53},"end":{"line":36,"column":59}}]},"2":{"type":"branch","line":40,"loc":{"start":{"line":40,"column":22},"end":{"line":40,"column":30}},"locations":[{"start":{"line":40,"column":22},"end":{"line":40,"column":30}}]},"3":{"type":"branch","line":40,"loc":{"start":{"line":40,"column":32},"end":{"line":47,"column":3}},"locations":[{"start":{"line":40,"column":32},"end":{"line":47,"column":3}}]},"4":{"type":"branch","line":49,"loc":{"start":{"line":49,"column":22},"end":{"line":49,"column":30}},"locations":[{"start":{"line":49,"column":22},"end":{"line":49,"column":30}}]},"5":{"type":"branch","line":49,"loc":{"start":{"line":49,"column":32},"end":{"line":56,"column":3}},"locations":[{"start":{"line":49,"column":32},"end":{"line":56,"column":3}}]},"6":{"type":"branch","line":65,"loc":{"start":{"line":65,"column":0},"end":{"line":78,"column":1}},"locations":[{"start":{"line":65,"column":0},"end":{"line":78,"column":1}}]},"7":{"type":"branch","line":66,"loc":{"start":{"line":66,"column":19},"end":{"line":66,"column":48}},"locations":[{"start":{"line":66,"column":19},"end":{"line":66,"column":48}}]},"8":{"type":"branch","line":66,"loc":{"start":{"line":66,"column":50},"end":{"line":66,"column":66}},"locations":[{"start":{"line":66,"column":50},"end":{"line":66,"column":66}}]},"9":{"type":"branch","line":67,"loc":{"start":{"line":67,"column":-1},"end":{"line":73,"column":3}},"locations":[{"start":{"line":67,"column":-1},"end":{"line":73,"column":3}}]},"10":{"type":"branch","line":72,"loc":{"start":{"line":72,"column":-1},"end":{"line":73,"column":3}},"locations":[{"start":{"line":72,"column":-1},"end":{"line":73,"column":3}}]},"11":{"type":"branch","line":74,"loc":{"start":{"line":74,"column":-1},"end":{"line":76,"column":39}},"locations":[{"start":{"line":74,"column":-1},"end":{"line":76,"column":39}}]},"12":{"type":"branch","line":76,"loc":{"start":{"line":76,"column":41},"end":{"line":78,"column":1}},"locations":[{"start":{"line":76,"column":41},"end":{"line":78,"column":1}}]},"13":{"type":"branch","line":69,"loc":{"start":{"line":69,"column":36},"end":{"line":69,"column":56}},"locations":[{"start":{"line":69,"column":36},"end":{"line":69,"column":56}}]},"14":{"type":"branch","line":83,"loc":{"start":{"line":83,"column":0},"end":{"line":100,"column":1}},"locations":[{"start":{"line":83,"column":0},"end":{"line":100,"column":1}}]},"15":{"type":"branch","line":84,"loc":{"start":{"line":84,"column":19},"end":{"line":84,"column":48}},"locations":[{"start":{"line":84,"column":19},"end":{"line":84,"column":48}}]},"16":{"type":"branch","line":85,"loc":{"start":{"line":85,"column":-1},"end":{"line":100,"column":1}},"locations":[{"start":{"line":85,"column":-1},"end":{"line":100,"column":1}}]},"17":{"type":"branch","line":243,"loc":{"start":{"line":243,"column":0},"end":{"line":245,"column":1}},"locations":[{"start":{"line":243,"column":0},"end":{"line":245,"column":1}}]},"18":{"type":"branch","line":244,"loc":{"start":{"line":244,"column":25},"end":{"line":244,"column":32}},"locations":[{"start":{"line":244,"column":25},"end":{"line":244,"column":32}}]},"19":{"type":"branch","line":252,"loc":{"start":{"line":252,"column":0},"end":{"line":345,"column":1}},"locations":[{"start":{"line":252,"column":0},"end":{"line":345,"column":1}}]},"20":{"type":"branch","line":260,"loc":{"start":{"line":260,"column":32},"end":{"line":260,"column":79}},"locations":[{"start":{"line":260,"column":32},"end":{"line":260,"column":79}}]},"21":{"type":"branch","line":260,"loc":{"start":{"line":260,"column":80},"end":{"line":260,"column":91}},"locations":[{"start":{"line":260,"column":80},"end":{"line":260,"column":91}}]},"22":{"type":"branch","line":262,"loc":{"start":{"line":262,"column":14},"end":{"line":262,"column":30}},"locations":[{"start":{"line":262,"column":14},"end":{"line":262,"column":30}}]},"23":{"type":"branch","line":262,"loc":{"start":{"line":262,"column":32},"end":{"line":328,"column":3}},"locations":[{"start":{"line":262,"column":32},"end":{"line":328,"column":3}}]},"24":{"type":"branch","line":288,"loc":{"start":{"line":288,"column":28},"end":{"line":288,"column":41}},"locations":[{"start":{"line":288,"column":28},"end":{"line":288,"column":41}}]},"25":{"type":"branch","line":288,"loc":{"start":{"line":288,"column":43},"end":{"line":297,"column":5}},"locations":[{"start":{"line":288,"column":43},"end":{"line":297,"column":5}}]},"26":{"type":"branch","line":312,"loc":{"start":{"line":312,"column":71},"end":{"line":312,"column":77}},"locations":[{"start":{"line":312,"column":71},"end":{"line":312,"column":77}}]},"27":{"type":"branch","line":312,"loc":{"start":{"line":312,"column":78},"end":{"line":312,"column":82}},"locations":[{"start":{"line":312,"column":78},"end":{"line":312,"column":82}}]},"28":{"type":"branch","line":326,"loc":{"start":{"line":326,"column":47},"end":{"line":326,"column":69}},"locations":[{"start":{"line":326,"column":47},"end":{"line":326,"column":69}}]},"29":{"type":"branch","line":326,"loc":{"start":{"line":326,"column":70},"end":{"line":326,"column":81}},"locations":[{"start":{"line":326,"column":70},"end":{"line":326,"column":81}}]},"30":{"type":"branch","line":327,"loc":{"start":{"line":327,"column":73},"end":{"line":327,"column":91}},"locations":[{"start":{"line":327,"column":73},"end":{"line":327,"column":91}}]},"31":{"type":"branch","line":329,"loc":{"start":{"line":329,"column":-1},"end":{"line":343,"column":45}},"locations":[{"start":{"line":329,"column":-1},"end":{"line":343,"column":45}}]},"32":{"type":"branch","line":343,"loc":{"start":{"line":343,"column":45},"end":{"line":343,"column":67}},"locations":[{"start":{"line":343,"column":45},"end":{"line":343,"column":67}}]},"33":{"type":"branch","line":343,"loc":{"start":{"line":343,"column":68},"end":{"line":343,"column":79}},"locations":[{"start":{"line":343,"column":68},"end":{"line":343,"column":79}}]},"34":{"type":"branch","line":344,"loc":{"start":{"line":344,"column":63},"end":{"line":344,"column":81}},"locations":[{"start":{"line":344,"column":63},"end":{"line":344,"column":81}}]},"35":{"type":"branch","line":257,"loc":{"start":{"line":257,"column":12},"end":{"line":257,"column":51}},"locations":[{"start":{"line":257,"column":12},"end":{"line":257,"column":51}}]},"36":{"type":"branch","line":258,"loc":{"start":{"line":258,"column":9},"end":{"line":258,"column":61}},"locations":[{"start":{"line":258,"column":9},"end":{"line":258,"column":61}}]},"37":{"type":"branch","line":258,"loc":{"start":{"line":258,"column":33},"end":{"line":258,"column":39}},"locations":[{"start":{"line":258,"column":33},"end":{"line":258,"column":39}}]},"38":{"type":"branch","line":263,"loc":{"start":{"line":263,"column":52},"end":{"line":280,"column":6}},"locations":[{"start":{"line":263,"column":52},"end":{"line":280,"column":6}}]},"39":{"type":"branch","line":265,"loc":{"start":{"line":265,"column":25},"end":{"line":279,"column":7}},"locations":[{"start":{"line":265,"column":25},"end":{"line":279,"column":7}}]},"40":{"type":"branch","line":277,"loc":{"start":{"line":277,"column":22},"end":{"line":277,"column":45}},"locations":[{"start":{"line":277,"column":22},"end":{"line":277,"column":45}}]},"41":{"type":"branch","line":277,"loc":{"start":{"line":277,"column":38},"end":{"line":277,"column":44}},"locations":[{"start":{"line":277,"column":38},"end":{"line":277,"column":44}}]},"42":{"type":"branch","line":277,"loc":{"start":{"line":277,"column":46},"end":{"line":277,"column":55}},"locations":[{"start":{"line":277,"column":46},"end":{"line":277,"column":55}}]},"43":{"type":"branch","line":266,"loc":{"start":{"line":266,"column":34},"end":{"line":274,"column":9}},"locations":[{"start":{"line":266,"column":34},"end":{"line":274,"column":9}}]},"44":{"type":"branch","line":269,"loc":{"start":{"line":269,"column":30},"end":{"line":270,"column":58}},"locations":[{"start":{"line":269,"column":30},"end":{"line":270,"column":58}}]},"45":{"type":"branch","line":270,"loc":{"start":{"line":270,"column":58},"end":{"line":271,"column":23}},"locations":[{"start":{"line":270,"column":58},"end":{"line":271,"column":23}}]},"46":{"type":"branch","line":271,"loc":{"start":{"line":271,"column":23},"end":{"line":272,"column":51}},"locations":[{"start":{"line":271,"column":23},"end":{"line":272,"column":51}}]},"47":{"type":"branch","line":282,"loc":{"start":{"line":282,"column":30},"end":{"line":282,"column":76}},"locations":[{"start":{"line":282,"column":30},"end":{"line":282,"column":76}}]},"48":{"type":"branch","line":282,"loc":{"start":{"line":282,"column":49},"end":{"line":282,"column":75}},"locations":[{"start":{"line":282,"column":49},"end":{"line":282,"column":75}}]},"49":{"type":"branch","line":284,"loc":{"start":{"line":284,"column":37},"end":{"line":287,"column":5}},"locations":[{"start":{"line":284,"column":37},"end":{"line":287,"column":5}}]},"50":{"type":"branch","line":286,"loc":{"start":{"line":286,"column":36},"end":{"line":286,"column":70}},"locations":[{"start":{"line":286,"column":36},"end":{"line":286,"column":70}}]},"51":{"type":"branch","line":290,"loc":{"start":{"line":290,"column":25},"end":{"line":295,"column":10}},"locations":[{"start":{"line":290,"column":25},"end":{"line":295,"column":10}}]},"52":{"type":"branch","line":293,"loc":{"start":{"line":293,"column":29},"end":{"line":293,"column":35}},"locations":[{"start":{"line":293,"column":29},"end":{"line":293,"column":35}}]},"53":{"type":"branch","line":299,"loc":{"start":{"line":299,"column":36},"end":{"line":299,"column":50}},"locations":[{"start":{"line":299,"column":36},"end":{"line":299,"column":50}}]},"54":{"type":"branch","line":314,"loc":{"start":{"line":314,"column":11},"end":{"line":314,"column":51}},"locations":[{"start":{"line":314,"column":11},"end":{"line":314,"column":51}}]},"55":{"type":"branch","line":314,"loc":{"start":{"line":314,"column":32},"end":{"line":314,"column":50}},"locations":[{"start":{"line":314,"column":32},"end":{"line":314,"column":50}}]},"56":{"type":"branch","line":315,"loc":{"start":{"line":315,"column":14},"end":{"line":315,"column":97}},"locations":[{"start":{"line":315,"column":14},"end":{"line":315,"column":97}}]},"57":{"type":"branch","line":317,"loc":{"start":{"line":317,"column":11},"end":{"line":317,"column":68}},"locations":[{"start":{"line":317,"column":11},"end":{"line":317,"column":68}}]},"58":{"type":"branch","line":318,"loc":{"start":{"line":318,"column":50},"end":{"line":323,"column":6}},"locations":[{"start":{"line":318,"column":50},"end":{"line":323,"column":6}}]},"59":{"type":"branch","line":335,"loc":{"start":{"line":335,"column":23},"end":{"line":340,"column":6}},"locations":[{"start":{"line":335,"column":23},"end":{"line":340,"column":6}}]},"60":{"type":"branch","line":338,"loc":{"start":{"line":338,"column":25},"end":{"line":338,"column":31}},"locations":[{"start":{"line":338,"column":25},"end":{"line":338,"column":31}}]},"61":{"type":"branch","line":351,"loc":{"start":{"line":351,"column":0},"end":{"line":363,"column":1}},"locations":[{"start":{"line":351,"column":0},"end":{"line":363,"column":1}}]},"62":{"type":"branch","line":353,"loc":{"start":{"line":353,"column":23},"end":{"line":357,"column":3}},"locations":[{"start":{"line":353,"column":23},"end":{"line":357,"column":3}}]},"63":{"type":"branch","line":354,"loc":{"start":{"line":354,"column":24},"end":{"line":356,"column":5}},"locations":[{"start":{"line":354,"column":24},"end":{"line":356,"column":5}}]},"64":{"type":"branch","line":355,"loc":{"start":{"line":355,"column":26},"end":{"line":355,"column":72}},"locations":[{"start":{"line":355,"column":26},"end":{"line":355,"column":72}}]},"65":{"type":"branch","line":358,"loc":{"start":{"line":358,"column":41},"end":{"line":362,"column":4}},"locations":[{"start":{"line":358,"column":41},"end":{"line":362,"column":4}}]},"66":{"type":"branch","line":365,"loc":{"start":{"line":365,"column":0},"end":{"line":380,"column":1}},"locations":[{"start":{"line":365,"column":0},"end":{"line":380,"column":1}}]},"67":{"type":"branch","line":369,"loc":{"start":{"line":369,"column":17},"end":{"line":369,"column":26}},"locations":[{"start":{"line":369,"column":17},"end":{"line":369,"column":26}}]},"68":{"type":"branch","line":370,"loc":{"start":{"line":370,"column":-1},"end":{"line":380,"column":1}},"locations":[{"start":{"line":370,"column":-1},"end":{"line":380,"column":1}}]},"69":{"type":"branch","line":367,"loc":{"start":{"line":367,"column":4},"end":{"line":367,"column":68}},"locations":[{"start":{"line":367,"column":4},"end":{"line":367,"column":68}}]},"70":{"type":"branch","line":367,"loc":{"start":{"line":367,"column":48},"end":{"line":367,"column":68}},"locations":[{"start":{"line":367,"column":48},"end":{"line":367,"column":68}}]},"71":{"type":"branch","line":370,"loc":{"start":{"line":370,"column":41},"end":{"line":370,"column":59}},"locations":[{"start":{"line":370,"column":41},"end":{"line":370,"column":59}}]},"72":{"type":"branch","line":371,"loc":{"start":{"line":371,"column":22},"end":{"line":379,"column":3}},"locations":[{"start":{"line":371,"column":22},"end":{"line":379,"column":3}}]},"73":{"type":"branch","line":377,"loc":{"start":{"line":377,"column":24},"end":{"line":377,"column":30}},"locations":[{"start":{"line":377,"column":24},"end":{"line":377,"column":30}}]},"74":{"type":"branch","line":386,"loc":{"start":{"line":386,"column":0},"end":{"line":406,"column":1}},"locations":[{"start":{"line":386,"column":0},"end":{"line":406,"column":1}}]},"75":{"type":"branch","line":391,"loc":{"start":{"line":391,"column":29},"end":{"line":393,"column":3}},"locations":[{"start":{"line":391,"column":29},"end":{"line":393,"column":3}}]},"76":{"type":"branch","line":394,"loc":{"start":{"line":394,"column":24},"end":{"line":404,"column":3}},"locations":[{"start":{"line":394,"column":24},"end":{"line":404,"column":3}}]},"77":{"type":"branch","line":395,"loc":{"start":{"line":395,"column":22},"end":{"line":395,"column":77}},"locations":[{"start":{"line":395,"column":22},"end":{"line":395,"column":77}}]},"78":{"type":"branch","line":396,"loc":{"start":{"line":396,"column":21},"end":{"line":396,"column":75}},"locations":[{"start":{"line":396,"column":21},"end":{"line":396,"column":75}}]},"79":{"type":"branch","line":397,"loc":{"start":{"line":397,"column":24},"end":{"line":403,"column":5}},"locations":[{"start":{"line":397,"column":24},"end":{"line":403,"column":5}}]},"80":{"type":"branch","line":398,"loc":{"start":{"line":398,"column":21},"end":{"line":398,"column":97}},"locations":[{"start":{"line":398,"column":21},"end":{"line":398,"column":97}}]},"81":{"type":"branch","line":400,"loc":{"start":{"line":400,"column":8},"end":{"line":400,"column":86}},"locations":[{"start":{"line":400,"column":8},"end":{"line":400,"column":86}}]},"82":{"type":"branch","line":402,"loc":{"start":{"line":402,"column":8},"end":{"line":402,"column":86}},"locations":[{"start":{"line":402,"column":8},"end":{"line":402,"column":86}}]}},"b":{"0":[1],"1":[0],"2":[0],"3":[0],"4":[0],"5":[0],"6":[3],"7":[1],"8":[2],"9":[1],"10":[0],"11":[0],"12":[0],"13":[1],"14":[1],"15":[0],"16":[0],"17":[143],"18":[123],"19":[6],"20":[5],"21":[1],"22":[5],"23":[5],"24":[1],"25":[1],"26":[0],"27":[0],"28":[1],"29":[4],"30":[1],"31":[1],"32":[0],"33":[1],"34":[0],"35":[13],"36":[10],"37":[0],"38":[20],"39":[85],"40":[7],"41":[0],"42":[78],"43":[132],"44":[125],"45":[125],"46":[125],"47":[20],"48":[85],"49":[8],"50":[1],"51":[1],"52":[0],"53":[20],"54":[25],"55":[147],"56":[25],"57":[7],"58":[7],"59":[2],"60":[0],"61":[2],"62":[2],"63":[5],"64":[4],"65":[3],"66":[3],"67":[1],"68":[2],"69":[3],"70":[1],"71":[3],"72":[3],"73":[1],"74":[7],"75":[1],"76":[6],"77":[1],"78":[1],"79":[4],"80":[1],"81":[1],"82":[1]},"fnMap":{"0":{"name":"labelToKey","decl":{"start":{"line":19,"column":0},"end":{"line":25,"column":1}},"loc":{"start":{"line":19,"column":0},"end":{"line":25,"column":1}},"line":19},"1":{"name":"flattenStructuredSpecs","decl":{"start":{"line":31,"column":0},"end":{"line":59,"column":1}},"loc":{"start":{"line":31,"column":0},"end":{"line":59,"column":1}},"line":31},"2":{"name":"getSpecValue","decl":{"start":{"line":65,"column":0},"end":{"line":78,"column":1}},"loc":{"start":{"line":65,"column":0},"end":{"line":78,"column":1}},"line":65},"3":{"name":"getSpecArray","decl":{"start":{"line":83,"column":0},"end":{"line":100,"column":1}},"loc":{"start":{"line":83,"column":0},"end":{"line":100,"column":1}},"line":83},"4":{"name":"resolveSpecKey","decl":{"start":{"line":243,"column":0},"end":{"line":245,"column":1}},"loc":{"start":{"line":243,"column":0},"end":{"line":245,"column":1}},"line":243},"5":{"name":"convertFlatToStructured","decl":{"start":{"line":252,"column":0},"end":{"line":345,"column":1}},"loc":{"start":{"line":252,"column":0},"end":{"line":345,"column":1}},"line":252},"6":{"name":"extractQuickSpecs","decl":{"start":{"line":351,"column":0},"end":{"line":363,"column":1}},"loc":{"start":{"line":351,"column":0},"end":{"line":363,"column":1}},"line":351},"7":{"name":"extractHighlights","decl":{"start":{"line":365,"column":0},"end":{"line":380,"column":1}},"loc":{"start":{"line":365,"column":0},"end":{"line":380,"column":1}},"line":365},"8":{"name":"validateSpecifications","decl":{"start":{"line":386,"column":0},"end":{"line":406,"column":1}},"loc":{"start":{"line":386,"column":0},"end":{"line":406,"column":1}},"line":386}},"f":{"0":0,"1":1,"2":3,"3":1,"4":143,"5":6,"6":2,"7":3,"8":7}}
,"/Users/mohammedalakel/Desktop/WEBSITE/FlixCamFinal 3/src/lib/utils/whatsapp-context.ts": {"path":"/Users/mohammedalakel/Desktop/WEBSITE/FlixCamFinal 3/src/lib/utils/whatsapp-context.ts","all":false,"statementMap":{"0":{"start":{"line":1,"column":0},"end":{"line":1,"column":3}},"1":{"start":{"line":2,"column":0},"end":{"line":2,"column":91}},"2":{"start":{"line":3,"column":0},"end":{"line":3,"column":3}},"3":{"start":{"line":4,"column":0},"end":{"line":4,"column":0}},"4":{"start":{"line":5,"column":0},"end":{"line":5,"column":80}},"5":{"start":{"line":6,"column":0},"end":{"line":6,"column":0}},"6":{"start":{"line":7,"column":0},"end":{"line":7,"column":3}},"7":{"start":{"line":8,"column":0},"end":{"line":8,"column":78}},"8":{"start":{"line":9,"column":0},"end":{"line":9,"column":50}},"9":{"start":{"line":10,"column":0},"end":{"line":10,"column":3}},"10":{"start":{"line":11,"column":0},"end":{"line":11,"column":88}},"11":{"start":{"line":12,"column":0},"end":{"line":12,"column":67}},"12":{"start":{"line":13,"column":0},"end":{"line":13,"column":37}},"13":{"start":{"line":14,"column":0},"end":{"line":14,"column":32}},"14":{"start":{"line":15,"column":0},"end":{"line":15,"column":71}},"15":{"start":{"line":16,"column":0},"end":{"line":16,"column":3}},"16":{"start":{"line":17,"column":0},"end":{"line":17,"column":13}},"17":{"start":{"line":18,"column":0},"end":{"line":18,"column":1}}},"s":{"0":1,"1":1,"2":1,"3":1,"4":1,"5":1,"6":1,"7":1,"8":1,"9":1,"10":6,"11":6,"12":6,"13":6,"14":3,"15":3,"16":3,"17":3},"branchMap":{"0":{"type":"branch","line":11,"loc":{"start":{"line":11,"column":0},"end":{"line":18,"column":1}},"locations":[{"start":{"line":11,"column":0},"end":{"line":18,"column":1}}]},"1":{"type":"branch","line":12,"loc":{"start":{"line":12,"column":29},"end":{"line":12,"column":47}},"locations":[{"start":{"line":12,"column":29},"end":{"line":12,"column":47}}]},"2":{"type":"branch","line":14,"loc":{"start":{"line":14,"column":21},"end":{"line":14,"column":27}},"locations":[{"start":{"line":14,"column":21},"end":{"line":14,"column":27}}]},"3":{"type":"branch","line":14,"loc":{"start":{"line":14,"column":31},"end":{"line":18,"column":1}},"locations":[{"start":{"line":14,"column":31},"end":{"line":18,"column":1}}]}},"b":{"0":[6],"1":[3],"2":[3],"3":[3]},"fnMap":{"0":{"name":"getWhatsAppUrl","decl":{"start":{"line":11,"column":0},"end":{"line":18,"column":1}},"loc":{"start":{"line":11,"column":0},"end":{"line":18,"column":1}},"line":11}},"f":{"0":6}}
}
