{"total": {"lines":{"total":212,"covered":212,"skipped":0,"pct":100},"statements":{"total":236,"covered":236,"skipped":0,"pct":100},"functions":{"total":65,"covered":65,"skipped":0,"pct":100},"branches":{"total":276,"covered":269,"skipped":0,"pct":97.46},"branchesTrue":{"total":0,"covered":0,"skipped":0,"pct":"Unknown"}}
,"/Users/mohammedalakel/Desktop/WEBSITE/FlixCamFinal 3/src/lib/services/blog.service.ts": {"lines":{"total":212,"covered":212,"skipped":0,"pct":100},"functions":{"total":65,"covered":65,"skipped":0,"pct":100},"statements":{"total":236,"covered":236,"skipped":0,"pct":100},"branches":{"total":276,"covered":269,"skipped":0,"pct":97.46}}
}
